
*** Running vivado
    with args -log la_system_smartconnect_0_0.vds -m64 -product Vivado -mode batch -messageDb vivado.pb -notrace -source la_system_smartconnect_0_0.tcl


****** Vivado v2024.2 (64-bit)
  **** SW Build 5239630 on Fri Nov 08 22:34:34 MST 2024
  **** IP Build 5239520 on Sun Nov 10 16:12:51 MST 2024
  **** SharedData Build 5239561 on Fri Nov 08 14:39:27 MST 2024
  **** Start of session at: Sat Jul 18 22:46:51 2026
    ** Copyright 1986-2022 Xilinx, Inc. All Rights Reserved.
    ** Copyright 2022-2024 Advanced Micro Devices, Inc. All Rights Reserved.

source la_system_smartconnect_0_0.tcl -notrace
INFO: [IP_Flow 19-234] Refreshing IP repositories
INFO: [IP_Flow 19-1700] Loaded user IP repository '/home/binh/BTL_HTN_GTN_final'.
WARNING: [IP_Flow 19-3656] If you move the project, the path for repository '/home/binh/BTL_HTN_GTN_final' may become invalid. A better location for the repository would be in a path adjacent to the project. (Current project location is '/home/binh/BTL_HTN_GTN_final/la_bd_project/la_bd_project.runs/la_system_smartconnect_0_0_synth_1'.)
INFO: [IP_Flow 19-2313] Loaded Vivado IP repository '/home/binh/Tools/Xilinx/Vivado/2024.2/data/ip'.
INFO: [IP_Flow 19-6924] IPCACHE: Running cache check for IP inst: la_system_smartconnect_0_0
Command: synth_design -top la_system_smartconnect_0_0 -part xc7z020clg484-1 -incremental_mode off -mode out_of_context
Starting synth_design
Attempting to get a license for feature 'Synthesis' and/or device 'xc7z020'
INFO: [Common 17-349] Got license for feature 'Synthesis' and/or device 'xc7z020'
INFO: [Device 21-403] Loading part xc7z020clg484-1
INFO: [Synth 8-7079] Multithreading enabled for synth_design using a maximum of 7 processes.
INFO: [Synth 8-7078] Launching helper process for spawning children vivado processes
INFO: [Synth 8-7075] Helper process launched with PID 94496
---------------------------------------------------------------------------------
Starting RTL Elaboration : Time (s): cpu = 00:00:05 ; elapsed = 00:00:05 . Memory (MB): peak = 1923.746 ; gain = 420.828 ; free physical = 173 ; free virtual = 3117
---------------------------------------------------------------------------------
INFO: [Synth 8-6157] synthesizing module 'la_system_smartconnect_0_0' [/home/binh/BTL_HTN_GTN_final/la_bd_project/la_bd_project.gen/sources_1/bd/la_system/ip/la_system_smartconnect_0_0/synth/la_system_smartconnect_0_0.v:53]
INFO: [Synth 8-6157] synthesizing module 'bd_94ec' [/home/binh/BTL_HTN_GTN_final/la_bd_project/la_bd_project.gen/sources_1/bd/la_system/ip/la_system_smartconnect_0_0/bd_0/synth/bd_94ec.v:10]
INFO: [Synth 8-6157] synthesizing module 'clk_map_imp_KGSMCD' [/home/binh/BTL_HTN_GTN_final/la_bd_project/la_bd_project.gen/sources_1/bd/la_system/ip/la_system_smartconnect_0_0/bd_0/synth/bd_94ec.v:660]
INFO: [Synth 8-6157] synthesizing module 'bd_94ec_one_0' [/home/binh/BTL_HTN_GTN_final/la_bd_project/la_bd_project.gen/sources_1/bd/la_system/ip/la_system_smartconnect_0_0/bd_0/ip/ip_0/synth/bd_94ec_one_0.v:53]
INFO: [Synth 8-6157] synthesizing module 'xlconstant_v1_1_9_xlconstant' [/home/binh/BTL_HTN_GTN_final/la_bd_project/la_bd_project.gen/sources_1/bd/la_system/ipshared/e2d2/hdl/xlconstant_v1_1_vl_rfs.v:68]
INFO: [Synth 8-6155] done synthesizing module 'xlconstant_v1_1_9_xlconstant' (0#1) [/home/binh/BTL_HTN_GTN_final/la_bd_project/la_bd_project.gen/sources_1/bd/la_system/ipshared/e2d2/hdl/xlconstant_v1_1_vl_rfs.v:68]
INFO: [Synth 8-6155] done synthesizing module 'bd_94ec_one_0' (0#1) [/home/binh/BTL_HTN_GTN_final/la_bd_project/la_bd_project.gen/sources_1/bd/la_system/ip/la_system_smartconnect_0_0/bd_0/ip/ip_0/synth/bd_94ec_one_0.v:53]
INFO: [Synth 8-638] synthesizing module 'bd_94ec_psr_aclk_0' [/home/binh/BTL_HTN_GTN_final/la_bd_project/la_bd_project.gen/sources_1/bd/la_system/ip/la_system_smartconnect_0_0/bd_0/ip/ip_1/synth/bd_94ec_psr_aclk_0.vhd:74]
	Parameter C_FAMILY bound to: zynq - type: string 
	Parameter C_EXT_RST_WIDTH bound to: 4 - type: integer 
	Parameter C_AUX_RST_WIDTH bound to: 1 - type: integer 
	Parameter C_EXT_RESET_HIGH bound to: 1'b0 
	Parameter C_AUX_RESET_HIGH bound to: 1'b0 
	Parameter C_NUM_BUS_RST bound to: 1 - type: integer 
	Parameter C_NUM_PERP_RST bound to: 1 - type: integer 
	Parameter C_NUM_INTERCONNECT_ARESETN bound to: 1 - type: integer 
	Parameter C_NUM_PERP_ARESETN bound to: 1 - type: integer 
INFO: [Synth 8-3491] module 'proc_sys_reset' declared at '/home/binh/BTL_HTN_GTN_final/la_bd_project/la_bd_project.gen/sources_1/bd/la_system/ipshared/0831/hdl/proc_sys_reset_v5_0_vh_rfs.vhd:1271' bound to instance 'U0' of component 'proc_sys_reset' [/home/binh/BTL_HTN_GTN_final/la_bd_project/la_bd_project.gen/sources_1/bd/la_system/ip/la_system_smartconnect_0_0/bd_0/ip/ip_1/synth/bd_94ec_psr_aclk_0.vhd:139]
INFO: [Synth 8-638] synthesizing module 'proc_sys_reset' [/home/binh/BTL_HTN_GTN_final/la_bd_project/la_bd_project.gen/sources_1/bd/la_system/ipshared/0831/hdl/proc_sys_reset_v5_0_vh_rfs.vhd:1330]
	Parameter INIT bound to: 1'b1 
INFO: [Synth 8-113] binding component instance 'FDRE_inst' to cell 'FDRE' [/home/binh/BTL_HTN_GTN_final/la_bd_project/la_bd_project.gen/sources_1/bd/la_system/ipshared/0831/hdl/proc_sys_reset_v5_0_vh_rfs.vhd:1399]
	Parameter INIT bound to: 1'b1 
INFO: [Synth 8-113] binding component instance 'FDRE_BSR' to cell 'FDRE' [/home/binh/BTL_HTN_GTN_final/la_bd_project/la_bd_project.gen/sources_1/bd/la_system/ipshared/0831/hdl/proc_sys_reset_v5_0_vh_rfs.vhd:1415]
	Parameter INIT bound to: 1'b0 
INFO: [Synth 8-113] binding component instance 'FDRE_BSR_N' to cell 'FDRE' [/home/binh/BTL_HTN_GTN_final/la_bd_project/la_bd_project.gen/sources_1/bd/la_system/ipshared/0831/hdl/proc_sys_reset_v5_0_vh_rfs.vhd:1441]
	Parameter INIT bound to: 1'b1 
INFO: [Synth 8-113] binding component instance 'FDRE_PER' to cell 'FDRE' [/home/binh/BTL_HTN_GTN_final/la_bd_project/la_bd_project.gen/sources_1/bd/la_system/ipshared/0831/hdl/proc_sys_reset_v5_0_vh_rfs.vhd:1464]
	Parameter INIT bound to: 1'b0 
INFO: [Synth 8-113] binding component instance 'FDRE_PER_N' to cell 'FDRE' [/home/binh/BTL_HTN_GTN_final/la_bd_project/la_bd_project.gen/sources_1/bd/la_system/ipshared/0831/hdl/proc_sys_reset_v5_0_vh_rfs.vhd:1488]
INFO: [Synth 8-638] synthesizing module 'lpf' [/home/binh/BTL_HTN_GTN_final/la_bd_project/la_bd_project.gen/sources_1/bd/la_system/ipshared/0831/hdl/proc_sys_reset_v5_0_vh_rfs.vhd:821]
INFO: [Synth 8-3491] module 'SRL16' declared at '/home/binh/Tools/Xilinx/Vivado/2024.2/scripts/rt/data/unisim_comp.v:149029' bound to instance 'POR_SRL_I' of component 'SRL16' [/home/binh/BTL_HTN_GTN_final/la_bd_project/la_bd_project.gen/sources_1/bd/la_system/ipshared/0831/hdl/proc_sys_reset_v5_0_vh_rfs.vhd:873]
INFO: [Synth 8-6157] synthesizing module 'SRL16' [/home/binh/Tools/Xilinx/Vivado/2024.2/scripts/rt/data/unisim_comp.v:149029]
INFO: [Synth 8-6155] done synthesizing module 'SRL16' (0#1) [/home/binh/Tools/Xilinx/Vivado/2024.2/scripts/rt/data/unisim_comp.v:149029]
INFO: [Synth 8-638] synthesizing module 'cdc_sync' [/home/binh/BTL_HTN_GTN_final/la_bd_project/la_bd_project.gen/sources_1/bd/la_system/ipshared/2a4f/hdl/lib_cdc_v1_0_rfs.vhd:106]
	Parameter INIT bound to: 1'b0 
INFO: [Synth 8-113] binding component instance 'CROSS_PLEVEL_IN2SCNDRY_IN_cdc_to' to cell 'FDR' [/home/binh/BTL_HTN_GTN_final/la_bd_project/la_bd_project.gen/sources_1/bd/la_system/ipshared/2a4f/hdl/lib_cdc_v1_0_rfs.vhd:514]
	Parameter INIT bound to: 1'b0 
INFO: [Synth 8-113] binding component instance 'CROSS_PLEVEL_IN2SCNDRY_s_level_out_d2' to cell 'FDR' [/home/binh/BTL_HTN_GTN_final/la_bd_project/la_bd_project.gen/sources_1/bd/la_system/ipshared/2a4f/hdl/lib_cdc_v1_0_rfs.vhd:545]
	Parameter INIT bound to: 1'b0 
INFO: [Synth 8-113] binding component instance 'CROSS_PLEVEL_IN2SCNDRY_s_level_out_d3' to cell 'FDR' [/home/binh/BTL_HTN_GTN_final/la_bd_project/la_bd_project.gen/sources_1/bd/la_system/ipshared/2a4f/hdl/lib_cdc_v1_0_rfs.vhd:554]
	Parameter INIT bound to: 1'b0 
INFO: [Synth 8-113] binding component instance 'CROSS_PLEVEL_IN2SCNDRY_s_level_out_d4' to cell 'FDR' [/home/binh/BTL_HTN_GTN_final/la_bd_project/la_bd_project.gen/sources_1/bd/la_system/ipshared/2a4f/hdl/lib_cdc_v1_0_rfs.vhd:564]
	Parameter INIT bound to: 1'b0 
INFO: [Synth 8-113] binding component instance 'CROSS_PLEVEL_IN2SCNDRY_s_level_out_d5' to cell 'FDR' [/home/binh/BTL_HTN_GTN_final/la_bd_project/la_bd_project.gen/sources_1/bd/la_system/ipshared/2a4f/hdl/lib_cdc_v1_0_rfs.vhd:574]
	Parameter INIT bound to: 1'b0 
INFO: [Synth 8-113] binding component instance 'CROSS_PLEVEL_IN2SCNDRY_s_level_out_d6' to cell 'FDR' [/home/binh/BTL_HTN_GTN_final/la_bd_project/la_bd_project.gen/sources_1/bd/la_system/ipshared/2a4f/hdl/lib_cdc_v1_0_rfs.vhd:584]
INFO: [Synth 8-256] done synthesizing module 'cdc_sync' (0#1) [/home/binh/BTL_HTN_GTN_final/la_bd_project/la_bd_project.gen/sources_1/bd/la_system/ipshared/2a4f/hdl/lib_cdc_v1_0_rfs.vhd:106]
INFO: [Synth 8-256] done synthesizing module 'lpf' (0#1) [/home/binh/BTL_HTN_GTN_final/la_bd_project/la_bd_project.gen/sources_1/bd/la_system/ipshared/0831/hdl/proc_sys_reset_v5_0_vh_rfs.vhd:821]
INFO: [Synth 8-638] synthesizing module 'sequence_psr' [/home/binh/BTL_HTN_GTN_final/la_bd_project/la_bd_project.gen/sources_1/bd/la_system/ipshared/0831/hdl/proc_sys_reset_v5_0_vh_rfs.vhd:304]
INFO: [Synth 8-638] synthesizing module 'upcnt_n' [/home/binh/BTL_HTN_GTN_final/la_bd_project/la_bd_project.gen/sources_1/bd/la_system/ipshared/0831/hdl/proc_sys_reset_v5_0_vh_rfs.vhd:126]
INFO: [Synth 8-256] done synthesizing module 'upcnt_n' (0#1) [/home/binh/BTL_HTN_GTN_final/la_bd_project/la_bd_project.gen/sources_1/bd/la_system/ipshared/0831/hdl/proc_sys_reset_v5_0_vh_rfs.vhd:126]
INFO: [Synth 8-256] done synthesizing module 'sequence_psr' (0#1) [/home/binh/BTL_HTN_GTN_final/la_bd_project/la_bd_project.gen/sources_1/bd/la_system/ipshared/0831/hdl/proc_sys_reset_v5_0_vh_rfs.vhd:304]
INFO: [Synth 8-256] done synthesizing module 'proc_sys_reset' (0#1) [/home/binh/BTL_HTN_GTN_final/la_bd_project/la_bd_project.gen/sources_1/bd/la_system/ipshared/0831/hdl/proc_sys_reset_v5_0_vh_rfs.vhd:1330]
INFO: [Synth 8-256] done synthesizing module 'bd_94ec_psr_aclk_0' (0#1) [/home/binh/BTL_HTN_GTN_final/la_bd_project/la_bd_project.gen/sources_1/bd/la_system/ip/la_system_smartconnect_0_0/bd_0/ip/ip_1/synth/bd_94ec_psr_aclk_0.vhd:74]
WARNING: [Synth 8-7071] port 'mb_reset' of module 'bd_94ec_psr_aclk_0' is unconnected for instance 'psr_aclk' [/home/binh/BTL_HTN_GTN_final/la_bd_project/la_bd_project.gen/sources_1/bd/la_system/ip/la_system_smartconnect_0_0/bd_0/synth/bd_94ec.v:692]
WARNING: [Synth 8-7071] port 'bus_struct_reset' of module 'bd_94ec_psr_aclk_0' is unconnected for instance 'psr_aclk' [/home/binh/BTL_HTN_GTN_final/la_bd_project/la_bd_project.gen/sources_1/bd/la_system/ip/la_system_smartconnect_0_0/bd_0/synth/bd_94ec.v:692]
WARNING: [Synth 8-7071] port 'peripheral_reset' of module 'bd_94ec_psr_aclk_0' is unconnected for instance 'psr_aclk' [/home/binh/BTL_HTN_GTN_final/la_bd_project/la_bd_project.gen/sources_1/bd/la_system/ip/la_system_smartconnect_0_0/bd_0/synth/bd_94ec.v:692]
WARNING: [Synth 8-7071] port 'peripheral_aresetn' of module 'bd_94ec_psr_aclk_0' is unconnected for instance 'psr_aclk' [/home/binh/BTL_HTN_GTN_final/la_bd_project/la_bd_project.gen/sources_1/bd/la_system/ip/la_system_smartconnect_0_0/bd_0/synth/bd_94ec.v:692]
WARNING: [Synth 8-7023] instance 'psr_aclk' of module 'bd_94ec_psr_aclk_0' has 10 connections declared, but only 6 given [/home/binh/BTL_HTN_GTN_final/la_bd_project/la_bd_project.gen/sources_1/bd/la_system/ip/la_system_smartconnect_0_0/bd_0/synth/bd_94ec.v:692]
INFO: [Synth 8-6155] done synthesizing module 'clk_map_imp_KGSMCD' (0#1) [/home/binh/BTL_HTN_GTN_final/la_bd_project/la_bd_project.gen/sources_1/bd/la_system/ip/la_system_smartconnect_0_0/bd_0/synth/bd_94ec.v:660]
INFO: [Synth 8-6157] synthesizing module 'm00_exit_pipeline_imp_1D88FD2' [/home/binh/BTL_HTN_GTN_final/la_bd_project/la_bd_project.gen/sources_1/bd/la_system/ip/la_system_smartconnect_0_0/bd_0/synth/bd_94ec.v:701]
INFO: [Synth 8-6157] synthesizing module 'bd_94ec_m00e_0' [/home/binh/BTL_HTN_GTN_final/la_bd_project/la_bd_project.gen/sources_1/bd/la_system/ip/la_system_smartconnect_0_0/bd_0/ip/ip_12/synth/bd_94ec_m00e_0.sv:53]
INFO: [Synth 8-6157] synthesizing module 'xpm_cdc_async_rst' [/home/binh/Tools/Xilinx/Vivado/2024.2/data/ip/xpm/xpm_cdc/hdl/xpm_cdc.sv:1175]
INFO: [Synth 8-6155] done synthesizing module 'xpm_cdc_async_rst' (0#1) [/home/binh/Tools/Xilinx/Vivado/2024.2/data/ip/xpm/xpm_cdc/hdl/xpm_cdc.sv:1175]
INFO: [Synth 8-6155] done synthesizing module 'bd_94ec_m00e_0' (0#1) [/home/binh/BTL_HTN_GTN_final/la_bd_project/la_bd_project.gen/sources_1/bd/la_system/ip/la_system_smartconnect_0_0/bd_0/ip/ip_12/synth/bd_94ec_m00e_0.sv:53]
INFO: [Synth 8-6155] done synthesizing module 'm00_exit_pipeline_imp_1D88FD2' (0#1) [/home/binh/BTL_HTN_GTN_final/la_bd_project/la_bd_project.gen/sources_1/bd/la_system/ip/la_system_smartconnect_0_0/bd_0/synth/bd_94ec.v:701]
INFO: [Synth 8-6157] synthesizing module 'bd_94ec_m00s2a_0' [/home/binh/BTL_HTN_GTN_final/la_bd_project/la_bd_project.gen/sources_1/bd/la_system/ip/la_system_smartconnect_0_0/bd_0/ip/ip_11/synth/bd_94ec_m00s2a_0.sv:53]
INFO: [Synth 8-6155] done synthesizing module 'bd_94ec_m00s2a_0' (0#1) [/home/binh/BTL_HTN_GTN_final/la_bd_project/la_bd_project.gen/sources_1/bd/la_system/ip/la_system_smartconnect_0_0/bd_0/ip/ip_11/synth/bd_94ec_m00s2a_0.sv:53]
INFO: [Synth 8-6157] synthesizing module 'bd_94ec_s00a2s_0' [/home/binh/BTL_HTN_GTN_final/la_bd_project/la_bd_project.gen/sources_1/bd/la_system/ip/la_system_smartconnect_0_0/bd_0/ip/ip_5/synth/bd_94ec_s00a2s_0.sv:53]
INFO: [Synth 8-6155] done synthesizing module 'bd_94ec_s00a2s_0' (0#1) [/home/binh/BTL_HTN_GTN_final/la_bd_project/la_bd_project.gen/sources_1/bd/la_system/ip/la_system_smartconnect_0_0/bd_0/ip/ip_5/synth/bd_94ec_s00a2s_0.sv:53]
INFO: [Synth 8-6157] synthesizing module 's00_entry_pipeline_imp_DY5DXH' [/home/binh/BTL_HTN_GTN_final/la_bd_project/la_bd_project.gen/sources_1/bd/la_system/ip/la_system_smartconnect_0_0/bd_0/synth/bd_94ec.v:943]
INFO: [Synth 8-6157] synthesizing module 'bd_94ec_s00mmu_0' [/home/binh/BTL_HTN_GTN_final/la_bd_project/la_bd_project.gen/sources_1/bd/la_system/ip/la_system_smartconnect_0_0/bd_0/ip/ip_2/synth/bd_94ec_s00mmu_0.sv:53]
INFO: [Synth 8-6155] done synthesizing module 'bd_94ec_s00mmu_0' (0#1) [/home/binh/BTL_HTN_GTN_final/la_bd_project/la_bd_project.gen/sources_1/bd/la_system/ip/la_system_smartconnect_0_0/bd_0/ip/ip_2/synth/bd_94ec_s00mmu_0.sv:53]
INFO: [Synth 8-6157] synthesizing module 'bd_94ec_s00sic_0' [/home/binh/BTL_HTN_GTN_final/la_bd_project/la_bd_project.gen/sources_1/bd/la_system/ip/la_system_smartconnect_0_0/bd_0/ip/ip_4/synth/bd_94ec_s00sic_0.sv:53]
INFO: [Synth 8-6155] done synthesizing module 'bd_94ec_s00sic_0' (0#1) [/home/binh/BTL_HTN_GTN_final/la_bd_project/la_bd_project.gen/sources_1/bd/la_system/ip/la_system_smartconnect_0_0/bd_0/ip/ip_4/synth/bd_94ec_s00sic_0.sv:53]
INFO: [Synth 8-6157] synthesizing module 'bd_94ec_s00tr_0' [/home/binh/BTL_HTN_GTN_final/la_bd_project/la_bd_project.gen/sources_1/bd/la_system/ip/la_system_smartconnect_0_0/bd_0/ip/ip_3/synth/bd_94ec_s00tr_0.sv:53]
INFO: [Synth 8-6155] done synthesizing module 'bd_94ec_s00tr_0' (0#1) [/home/binh/BTL_HTN_GTN_final/la_bd_project/la_bd_project.gen/sources_1/bd/la_system/ip/la_system_smartconnect_0_0/bd_0/ip/ip_3/synth/bd_94ec_s00tr_0.sv:53]
INFO: [Synth 8-6155] done synthesizing module 's00_entry_pipeline_imp_DY5DXH' (0#1) [/home/binh/BTL_HTN_GTN_final/la_bd_project/la_bd_project.gen/sources_1/bd/la_system/ip/la_system_smartconnect_0_0/bd_0/synth/bd_94ec.v:943]
INFO: [Synth 8-6157] synthesizing module 's00_nodes_imp_B3F8BJ' [/home/binh/BTL_HTN_GTN_final/la_bd_project/la_bd_project.gen/sources_1/bd/la_system/ip/la_system_smartconnect_0_0/bd_0/synth/bd_94ec.v:1519]
INFO: [Synth 8-6157] synthesizing module 'bd_94ec_sarn_0' [/home/binh/BTL_HTN_GTN_final/la_bd_project/la_bd_project.gen/sources_1/bd/la_system/ip/la_system_smartconnect_0_0/bd_0/ip/ip_6/synth/bd_94ec_sarn_0.sv:53]
INFO: [Synth 8-6155] done synthesizing module 'bd_94ec_sarn_0' (0#1) [/home/binh/BTL_HTN_GTN_final/la_bd_project/la_bd_project.gen/sources_1/bd/la_system/ip/la_system_smartconnect_0_0/bd_0/ip/ip_6/synth/bd_94ec_sarn_0.sv:53]
INFO: [Synth 8-6157] synthesizing module 'bd_94ec_sawn_0' [/home/binh/BTL_HTN_GTN_final/la_bd_project/la_bd_project.gen/sources_1/bd/la_system/ip/la_system_smartconnect_0_0/bd_0/ip/ip_8/synth/bd_94ec_sawn_0.sv:53]
INFO: [Synth 8-6155] done synthesizing module 'bd_94ec_sawn_0' (0#1) [/home/binh/BTL_HTN_GTN_final/la_bd_project/la_bd_project.gen/sources_1/bd/la_system/ip/la_system_smartconnect_0_0/bd_0/ip/ip_8/synth/bd_94ec_sawn_0.sv:53]
INFO: [Synth 8-6157] synthesizing module 'bd_94ec_sbn_0' [/home/binh/BTL_HTN_GTN_final/la_bd_project/la_bd_project.gen/sources_1/bd/la_system/ip/la_system_smartconnect_0_0/bd_0/ip/ip_10/synth/bd_94ec_sbn_0.sv:53]
INFO: [Synth 8-6155] done synthesizing module 'bd_94ec_sbn_0' (0#1) [/home/binh/BTL_HTN_GTN_final/la_bd_project/la_bd_project.gen/sources_1/bd/la_system/ip/la_system_smartconnect_0_0/bd_0/ip/ip_10/synth/bd_94ec_sbn_0.sv:53]
INFO: [Synth 8-6157] synthesizing module 'bd_94ec_srn_0' [/home/binh/BTL_HTN_GTN_final/la_bd_project/la_bd_project.gen/sources_1/bd/la_system/ip/la_system_smartconnect_0_0/bd_0/ip/ip_7/synth/bd_94ec_srn_0.sv:53]
INFO: [Synth 8-6155] done synthesizing module 'bd_94ec_srn_0' (0#1) [/home/binh/BTL_HTN_GTN_final/la_bd_project/la_bd_project.gen/sources_1/bd/la_system/ip/la_system_smartconnect_0_0/bd_0/ip/ip_7/synth/bd_94ec_srn_0.sv:53]
INFO: [Synth 8-6157] synthesizing module 'bd_94ec_swn_0' [/home/binh/BTL_HTN_GTN_final/la_bd_project/la_bd_project.gen/sources_1/bd/la_system/ip/la_system_smartconnect_0_0/bd_0/ip/ip_9/synth/bd_94ec_swn_0.sv:53]
INFO: [Synth 8-6155] done synthesizing module 'bd_94ec_swn_0' (0#1) [/home/binh/BTL_HTN_GTN_final/la_bd_project/la_bd_project.gen/sources_1/bd/la_system/ip/la_system_smartconnect_0_0/bd_0/ip/ip_9/synth/bd_94ec_swn_0.sv:53]
INFO: [Synth 8-6155] done synthesizing module 's00_nodes_imp_B3F8BJ' (0#1) [/home/binh/BTL_HTN_GTN_final/la_bd_project/la_bd_project.gen/sources_1/bd/la_system/ip/la_system_smartconnect_0_0/bd_0/synth/bd_94ec.v:1519]
INFO: [Synth 8-6155] done synthesizing module 'bd_94ec' (0#1) [/home/binh/BTL_HTN_GTN_final/la_bd_project/la_bd_project.gen/sources_1/bd/la_system/ip/la_system_smartconnect_0_0/bd_0/synth/bd_94ec.v:10]
INFO: [Synth 8-6155] done synthesizing module 'la_system_smartconnect_0_0' (0#1) [/home/binh/BTL_HTN_GTN_final/la_bd_project/la_bd_project.gen/sources_1/bd/la_system/ip/la_system_smartconnect_0_0/synth/la_system_smartconnect_0_0.v:53]
WARNING: [Synth 8-3848] Net aresetn_out in module/entity clk_map_imp_KGSMCD does not have driver. [/home/binh/BTL_HTN_GTN_final/la_bd_project/la_bd_project.gen/sources_1/bd/la_system/ip/la_system_smartconnect_0_0/bd_0/synth/bd_94ec.v:676]
WARNING: [Synth 8-7129] Port din[0] in module sc_util_v1_0_4_onehot_to_binary is either unconnected or has no load
WARNING: [Synth 8-7129] Port aclk in module sc_util_v1_0_4_pipeline__parameterized0 is either unconnected or has no load
WARNING: [Synth 8-7129] Port aclken in module sc_util_v1_0_4_pipeline__parameterized0 is either unconnected or has no load
WARNING: [Synth 8-7129] Port areset in module sc_util_v1_0_4_pipeline__parameterized0 is either unconnected or has no load
WARNING: [Synth 8-7129] Port slow_clk in module sc_util_v1_0_4_sample_cycle_ratio is either unconnected or has no load
WARNING: [Synth 8-7129] Port fast_clk in module sc_util_v1_0_4_sample_cycle_ratio is either unconnected or has no load
WARNING: [Synth 8-7129] Port aclk in module sc_util_v1_0_4_pipeline__parameterized9 is either unconnected or has no load
WARNING: [Synth 8-7129] Port aclken in module sc_util_v1_0_4_pipeline__parameterized9 is either unconnected or has no load
WARNING: [Synth 8-7129] Port areset in module sc_util_v1_0_4_pipeline__parameterized9 is either unconnected or has no load
WARNING: [Synth 8-7129] Port aclk in module sc_node_v1_0_17_reg_slice3 is either unconnected or has no load
WARNING: [Synth 8-7129] Port aclken in module sc_node_v1_0_17_reg_slice3 is either unconnected or has no load
WARNING: [Synth 8-7129] Port areset in module sc_node_v1_0_17_reg_slice3 is either unconnected or has no load
WARNING: [Synth 8-7129] Port aclk in module sc_util_v1_0_4_pipeline__parameterized8 is either unconnected or has no load
WARNING: [Synth 8-7129] Port aclken in module sc_util_v1_0_4_pipeline__parameterized8 is either unconnected or has no load
WARNING: [Synth 8-7129] Port areset in module sc_util_v1_0_4_pipeline__parameterized8 is either unconnected or has no load
WARNING: [Synth 8-7129] Port aclk in module sc_node_v1_0_17_si_handler__parameterized3 is either unconnected or has no load
WARNING: [Synth 8-7129] Port aclken in module sc_node_v1_0_17_si_handler__parameterized3 is either unconnected or has no load
WARNING: [Synth 8-7129] Port areset in module sc_node_v1_0_17_si_handler__parameterized3 is either unconnected or has no load
WARNING: [Synth 8-7129] Port s_sc_req[0] in module sc_node_v1_0_17_si_handler__parameterized3 is either unconnected or has no load
WARNING: [Synth 8-7129] Port s_sc_info[0] in module sc_node_v1_0_17_si_handler__parameterized3 is either unconnected or has no load
WARNING: [Synth 8-7129] Port s_axis_arb_tvalid in module sc_node_v1_0_17_si_handler__parameterized3 is either unconnected or has no load
WARNING: [Synth 8-7129] Port s_axis_arb_tdata[15] in module sc_node_v1_0_17_si_handler__parameterized3 is either unconnected or has no load
WARNING: [Synth 8-7129] Port s_axis_arb_tdata[14] in module sc_node_v1_0_17_si_handler__parameterized3 is either unconnected or has no load
WARNING: [Synth 8-7129] Port s_axis_arb_tdata[13] in module sc_node_v1_0_17_si_handler__parameterized3 is either unconnected or has no load
WARNING: [Synth 8-7129] Port s_axis_arb_tdata[12] in module sc_node_v1_0_17_si_handler__parameterized3 is either unconnected or has no load
WARNING: [Synth 8-7129] Port s_axis_arb_tdata[11] in module sc_node_v1_0_17_si_handler__parameterized3 is either unconnected or has no load
WARNING: [Synth 8-7129] Port s_axis_arb_tdata[10] in module sc_node_v1_0_17_si_handler__parameterized3 is either unconnected or has no load
WARNING: [Synth 8-7129] Port s_axis_arb_tdata[9] in module sc_node_v1_0_17_si_handler__parameterized3 is either unconnected or has no load
WARNING: [Synth 8-7129] Port s_axis_arb_tdata[8] in module sc_node_v1_0_17_si_handler__parameterized3 is either unconnected or has no load
WARNING: [Synth 8-7129] Port s_axis_arb_tdata[7] in module sc_node_v1_0_17_si_handler__parameterized3 is either unconnected or has no load
WARNING: [Synth 8-7129] Port s_axis_arb_tdata[6] in module sc_node_v1_0_17_si_handler__parameterized3 is either unconnected or has no load
WARNING: [Synth 8-7129] Port s_axis_arb_tdata[5] in module sc_node_v1_0_17_si_handler__parameterized3 is either unconnected or has no load
WARNING: [Synth 8-7129] Port s_axis_arb_tdata[4] in module sc_node_v1_0_17_si_handler__parameterized3 is either unconnected or has no load
WARNING: [Synth 8-7129] Port s_axis_arb_tdata[3] in module sc_node_v1_0_17_si_handler__parameterized3 is either unconnected or has no load
WARNING: [Synth 8-7129] Port s_axis_arb_tdata[2] in module sc_node_v1_0_17_si_handler__parameterized3 is either unconnected or has no load
WARNING: [Synth 8-7129] Port s_axis_arb_tdata[1] in module sc_node_v1_0_17_si_handler__parameterized3 is either unconnected or has no load
WARNING: [Synth 8-7129] Port s_axis_arb_tdata[0] in module sc_node_v1_0_17_si_handler__parameterized3 is either unconnected or has no load
WARNING: [Synth 8-7129] Port m_axis_arb_tready in module sc_node_v1_0_17_si_handler__parameterized3 is either unconnected or has no load
WARNING: [Synth 8-7129] Port aclk in module sc_util_v1_0_4_axic_register_slice is either unconnected or has no load
WARNING: [Synth 8-7129] Port areset in module sc_util_v1_0_4_axic_register_slice is either unconnected or has no load
WARNING: [Synth 8-7129] Port aclken in module sc_util_v1_0_4_axic_register_slice is either unconnected or has no load
WARNING: [Synth 8-7129] Port m_sc_aclken in module sc_node_v1_0_17_top__parameterized3 is either unconnected or has no load
WARNING: [Synth 8-7129] Port aclk in module sc_util_v1_0_4_pipeline__parameterized7 is either unconnected or has no load
WARNING: [Synth 8-7129] Port aclken in module sc_util_v1_0_4_pipeline__parameterized7 is either unconnected or has no load
WARNING: [Synth 8-7129] Port areset in module sc_util_v1_0_4_pipeline__parameterized7 is either unconnected or has no load
WARNING: [Synth 8-7129] Port aclk in module sc_util_v1_0_4_pipeline__parameterized6 is either unconnected or has no load
WARNING: [Synth 8-7129] Port aclken in module sc_util_v1_0_4_pipeline__parameterized6 is either unconnected or has no load
WARNING: [Synth 8-7129] Port areset in module sc_util_v1_0_4_pipeline__parameterized6 is either unconnected or has no load
WARNING: [Synth 8-7129] Port aclk in module sc_node_v1_0_17_si_handler__parameterized2 is either unconnected or has no load
WARNING: [Synth 8-7129] Port aclken in module sc_node_v1_0_17_si_handler__parameterized2 is either unconnected or has no load
WARNING: [Synth 8-7129] Port areset in module sc_node_v1_0_17_si_handler__parameterized2 is either unconnected or has no load
WARNING: [Synth 8-7129] Port s_sc_req[0] in module sc_node_v1_0_17_si_handler__parameterized2 is either unconnected or has no load
WARNING: [Synth 8-7129] Port s_sc_info[0] in module sc_node_v1_0_17_si_handler__parameterized2 is either unconnected or has no load
WARNING: [Synth 8-7129] Port s_axis_arb_tvalid in module sc_node_v1_0_17_si_handler__parameterized2 is either unconnected or has no load
WARNING: [Synth 8-7129] Port s_axis_arb_tdata[15] in module sc_node_v1_0_17_si_handler__parameterized2 is either unconnected or has no load
WARNING: [Synth 8-7129] Port s_axis_arb_tdata[14] in module sc_node_v1_0_17_si_handler__parameterized2 is either unconnected or has no load
WARNING: [Synth 8-7129] Port s_axis_arb_tdata[13] in module sc_node_v1_0_17_si_handler__parameterized2 is either unconnected or has no load
WARNING: [Synth 8-7129] Port s_axis_arb_tdata[12] in module sc_node_v1_0_17_si_handler__parameterized2 is either unconnected or has no load
WARNING: [Synth 8-7129] Port s_axis_arb_tdata[11] in module sc_node_v1_0_17_si_handler__parameterized2 is either unconnected or has no load
WARNING: [Synth 8-7129] Port s_axis_arb_tdata[10] in module sc_node_v1_0_17_si_handler__parameterized2 is either unconnected or has no load
WARNING: [Synth 8-7129] Port s_axis_arb_tdata[9] in module sc_node_v1_0_17_si_handler__parameterized2 is either unconnected or has no load
WARNING: [Synth 8-7129] Port s_axis_arb_tdata[8] in module sc_node_v1_0_17_si_handler__parameterized2 is either unconnected or has no load
WARNING: [Synth 8-7129] Port s_axis_arb_tdata[7] in module sc_node_v1_0_17_si_handler__parameterized2 is either unconnected or has no load
WARNING: [Synth 8-7129] Port s_axis_arb_tdata[6] in module sc_node_v1_0_17_si_handler__parameterized2 is either unconnected or has no load
WARNING: [Synth 8-7129] Port s_axis_arb_tdata[5] in module sc_node_v1_0_17_si_handler__parameterized2 is either unconnected or has no load
WARNING: [Synth 8-7129] Port s_axis_arb_tdata[4] in module sc_node_v1_0_17_si_handler__parameterized2 is either unconnected or has no load
WARNING: [Synth 8-7129] Port s_axis_arb_tdata[3] in module sc_node_v1_0_17_si_handler__parameterized2 is either unconnected or has no load
WARNING: [Synth 8-7129] Port s_axis_arb_tdata[2] in module sc_node_v1_0_17_si_handler__parameterized2 is either unconnected or has no load
WARNING: [Synth 8-7129] Port s_axis_arb_tdata[1] in module sc_node_v1_0_17_si_handler__parameterized2 is either unconnected or has no load
WARNING: [Synth 8-7129] Port s_axis_arb_tdata[0] in module sc_node_v1_0_17_si_handler__parameterized2 is either unconnected or has no load
WARNING: [Synth 8-7129] Port m_axis_arb_tready in module sc_node_v1_0_17_si_handler__parameterized2 is either unconnected or has no load
WARNING: [Synth 8-7129] Port m_sc_aclken in module sc_node_v1_0_17_top__parameterized2 is either unconnected or has no load
WARNING: [Synth 8-7129] Port aclk in module sc_util_v1_0_4_pipeline__parameterized5 is either unconnected or has no load
WARNING: [Synth 8-7129] Port aclken in module sc_util_v1_0_4_pipeline__parameterized5 is either unconnected or has no load
WARNING: [Synth 8-7129] Port areset in module sc_util_v1_0_4_pipeline__parameterized5 is either unconnected or has no load
WARNING: [Synth 8-7129] Port aclk in module sc_util_v1_0_4_pipeline__parameterized4 is either unconnected or has no load
WARNING: [Synth 8-7129] Port aclken in module sc_util_v1_0_4_pipeline__parameterized4 is either unconnected or has no load
WARNING: [Synth 8-7129] Port areset in module sc_util_v1_0_4_pipeline__parameterized4 is either unconnected or has no load
WARNING: [Synth 8-7129] Port aclk in module sc_node_v1_0_17_si_handler__parameterized1 is either unconnected or has no load
WARNING: [Synth 8-7129] Port aclken in module sc_node_v1_0_17_si_handler__parameterized1 is either unconnected or has no load
WARNING: [Synth 8-7129] Port areset in module sc_node_v1_0_17_si_handler__parameterized1 is either unconnected or has no load
WARNING: [Synth 8-7129] Port s_sc_req[0] in module sc_node_v1_0_17_si_handler__parameterized1 is either unconnected or has no load
WARNING: [Synth 8-7129] Port s_sc_info[0] in module sc_node_v1_0_17_si_handler__parameterized1 is either unconnected or has no load
WARNING: [Synth 8-7129] Port s_axis_arb_tvalid in module sc_node_v1_0_17_si_handler__parameterized1 is either unconnected or has no load
WARNING: [Synth 8-7129] Port s_axis_arb_tdata[15] in module sc_node_v1_0_17_si_handler__parameterized1 is either unconnected or has no load
WARNING: [Synth 8-7129] Port s_axis_arb_tdata[14] in module sc_node_v1_0_17_si_handler__parameterized1 is either unconnected or has no load
WARNING: [Synth 8-7129] Port s_axis_arb_tdata[13] in module sc_node_v1_0_17_si_handler__parameterized1 is either unconnected or has no load
WARNING: [Synth 8-7129] Port s_axis_arb_tdata[12] in module sc_node_v1_0_17_si_handler__parameterized1 is either unconnected or has no load
WARNING: [Synth 8-7129] Port s_axis_arb_tdata[11] in module sc_node_v1_0_17_si_handler__parameterized1 is either unconnected or has no load
WARNING: [Synth 8-7129] Port s_axis_arb_tdata[10] in module sc_node_v1_0_17_si_handler__parameterized1 is either unconnected or has no load
WARNING: [Synth 8-7129] Port s_axis_arb_tdata[9] in module sc_node_v1_0_17_si_handler__parameterized1 is either unconnected or has no load
WARNING: [Synth 8-7129] Port s_axis_arb_tdata[8] in module sc_node_v1_0_17_si_handler__parameterized1 is either unconnected or has no load
WARNING: [Synth 8-7129] Port s_axis_arb_tdata[7] in module sc_node_v1_0_17_si_handler__parameterized1 is either unconnected or has no load
WARNING: [Synth 8-7129] Port s_axis_arb_tdata[6] in module sc_node_v1_0_17_si_handler__parameterized1 is either unconnected or has no load
WARNING: [Synth 8-7129] Port s_axis_arb_tdata[5] in module sc_node_v1_0_17_si_handler__parameterized1 is either unconnected or has no load
WARNING: [Synth 8-7129] Port s_axis_arb_tdata[4] in module sc_node_v1_0_17_si_handler__parameterized1 is either unconnected or has no load
WARNING: [Synth 8-7129] Port s_axis_arb_tdata[3] in module sc_node_v1_0_17_si_handler__parameterized1 is either unconnected or has no load
WARNING: [Synth 8-7129] Port s_axis_arb_tdata[2] in module sc_node_v1_0_17_si_handler__parameterized1 is either unconnected or has no load
WARNING: [Synth 8-7129] Port s_axis_arb_tdata[1] in module sc_node_v1_0_17_si_handler__parameterized1 is either unconnected or has no load
WARNING: [Synth 8-7129] Port s_axis_arb_tdata[0] in module sc_node_v1_0_17_si_handler__parameterized1 is either unconnected or has no load
INFO: [Common 17-14] Message 'Synth 8-7129' appears 100 times and further instances of the messages will be disabled. Use the Tcl command set_msg_config to change the current settings.
---------------------------------------------------------------------------------
Finished RTL Elaboration : Time (s): cpu = 00:00:08 ; elapsed = 00:00:09 . Memory (MB): peak = 2073.684 ; gain = 570.766 ; free physical = 201 ; free virtual = 3040
---------------------------------------------------------------------------------
---------------------------------------------------------------------------------
Start Handling Custom Attributes
---------------------------------------------------------------------------------
---------------------------------------------------------------------------------
Finished Handling Custom Attributes : Time (s): cpu = 00:00:08 ; elapsed = 00:00:09 . Memory (MB): peak = 2085.559 ; gain = 582.641 ; free physical = 201 ; free virtual = 3039
---------------------------------------------------------------------------------
---------------------------------------------------------------------------------
Finished RTL Optimization Phase 1 : Time (s): cpu = 00:00:08 ; elapsed = 00:00:09 . Memory (MB): peak = 2085.559 ; gain = 582.641 ; free physical = 201 ; free virtual = 3039
---------------------------------------------------------------------------------
Netlist sorting complete. Time (s): cpu = 00:00:00.51 ; elapsed = 00:00:00.51 . Memory (MB): peak = 2088.527 ; gain = 0.000 ; free physical = 192 ; free virtual = 3039
INFO: [Netlist 29-17] Analyzing 13 Unisim elements for replacement
INFO: [Netlist 29-28] Unisim Transformation completed in 0 CPU seconds
INFO: [Project 1-570] Preparing netlist for logic optimization

Processing XDC Constraints
Initializing timing engine
Parsing XDC File [/home/binh/BTL_HTN_GTN_final/la_bd_project/la_bd_project.gen/sources_1/bd/la_system/ip/la_system_smartconnect_0_0/ooc.xdc] for cell 'inst'
Finished Parsing XDC File [/home/binh/BTL_HTN_GTN_final/la_bd_project/la_bd_project.gen/sources_1/bd/la_system/ip/la_system_smartconnect_0_0/ooc.xdc] for cell 'inst'
Parsing XDC File [/home/binh/BTL_HTN_GTN_final/la_bd_project/la_bd_project.gen/sources_1/bd/la_system/ip/la_system_smartconnect_0_0/bd_0/ip/ip_1/bd_94ec_psr_aclk_0_board.xdc] for cell 'inst/clk_map/psr_aclk/U0'
Finished Parsing XDC File [/home/binh/BTL_HTN_GTN_final/la_bd_project/la_bd_project.gen/sources_1/bd/la_system/ip/la_system_smartconnect_0_0/bd_0/ip/ip_1/bd_94ec_psr_aclk_0_board.xdc] for cell 'inst/clk_map/psr_aclk/U0'
Parsing XDC File [/home/binh/BTL_HTN_GTN_final/la_bd_project/la_bd_project.gen/sources_1/bd/la_system/ip/la_system_smartconnect_0_0/bd_0/ip/ip_1/bd_94ec_psr_aclk_0.xdc] for cell 'inst/clk_map/psr_aclk/U0'
Finished Parsing XDC File [/home/binh/BTL_HTN_GTN_final/la_bd_project/la_bd_project.gen/sources_1/bd/la_system/ip/la_system_smartconnect_0_0/bd_0/ip/ip_1/bd_94ec_psr_aclk_0.xdc] for cell 'inst/clk_map/psr_aclk/U0'
INFO: [Project 1-236] Implementation specific constraints were found while reading constraint file [/home/binh/BTL_HTN_GTN_final/la_bd_project/la_bd_project.gen/sources_1/bd/la_system/ip/la_system_smartconnect_0_0/bd_0/ip/ip_1/bd_94ec_psr_aclk_0.xdc]. These constraints will be ignored for synthesis but will be used in implementation. Impacted constraints are listed in the file [.Xil/la_system_smartconnect_0_0_propImpl.xdc].
Resolution: To avoid this warning, move constraints listed in [.Xil/la_system_smartconnect_0_0_propImpl.xdc] to another XDC file and exclude this new file from synthesis with the used_in_synthesis property (File Properties dialog in GUI) and re-run elaboration/synthesis.
Parsing XDC File [/home/binh/BTL_HTN_GTN_final/la_bd_project/la_bd_project.gen/sources_1/bd/la_system/ip/la_system_smartconnect_0_0/smartconnect.xdc] for cell 'inst'
Finished Parsing XDC File [/home/binh/BTL_HTN_GTN_final/la_bd_project/la_bd_project.gen/sources_1/bd/la_system/ip/la_system_smartconnect_0_0/smartconnect.xdc] for cell 'inst'
Parsing XDC File [/home/binh/BTL_HTN_GTN_final/la_bd_project/la_bd_project.runs/la_system_smartconnect_0_0_synth_1/dont_touch.xdc]
Finished Parsing XDC File [/home/binh/BTL_HTN_GTN_final/la_bd_project/la_bd_project.runs/la_system_smartconnect_0_0_synth_1/dont_touch.xdc]
INFO: [Project 1-1714] 14 XPM XDC files have been applied to the design.
Completed Processing XDC Constraints

Netlist sorting complete. Time (s): cpu = 00:00:00 ; elapsed = 00:00:00 . Memory (MB): peak = 2316.215 ; gain = 0.000 ; free physical = 169 ; free virtual = 3009
INFO: [Project 1-111] Unisim Transformation Summary:
  A total of 13 instances were transformed.
  FDR => FDRE: 12 instances
  SRL16 => SRL16E: 1 instance 

Constraint Validation Runtime : Time (s): cpu = 00:00:00.16 ; elapsed = 00:00:00.08 . Memory (MB): peak = 2327.121 ; gain = 10.906 ; free physical = 170 ; free virtual = 3009
INFO: [Designutils 20-5008] Incremental synthesis strategy off
---------------------------------------------------------------------------------
Finished Constraint Validation : Time (s): cpu = 00:00:19 ; elapsed = 00:00:20 . Memory (MB): peak = 2327.121 ; gain = 824.203 ; free physical = 182 ; free virtual = 2643
---------------------------------------------------------------------------------
---------------------------------------------------------------------------------
Start Loading Part and Timing Information
---------------------------------------------------------------------------------
Loading part: xc7z020clg484-1
---------------------------------------------------------------------------------
Finished Loading Part and Timing Information : Time (s): cpu = 00:00:19 ; elapsed = 00:00:20 . Memory (MB): peak = 2335.125 ; gain = 832.207 ; free physical = 182 ; free virtual = 2642
---------------------------------------------------------------------------------
---------------------------------------------------------------------------------
Start Applying 'set_property' XDC Constraints
---------------------------------------------------------------------------------
Applied set_property KEEP_HIERARCHY = SOFT for inst. (constraint file  /home/binh/BTL_HTN_GTN_final/la_bd_project/la_bd_project.runs/la_system_smartconnect_0_0_synth_1/dont_touch.xdc, line 71).
Applied set_property KEEP_HIERARCHY = SOFT for inst/s00_nodes/s00_ar_node/inst/m_sc_xpm_cdc_async_rst_inst. (constraint file  auto generated constraint).
Applied set_property KEEP_HIERARCHY = SOFT for inst/s00_nodes/s00_aw_node/inst/m_sc_xpm_cdc_async_rst_inst. (constraint file  auto generated constraint).
Applied set_property KEEP_HIERARCHY = SOFT for inst/s00_nodes/s00_b_node/inst/m_sc_xpm_cdc_async_rst_inst. (constraint file  auto generated constraint).
Applied set_property KEEP_HIERARCHY = SOFT for inst/s00_nodes/s00_r_node/inst/m_sc_xpm_cdc_async_rst_inst. (constraint file  auto generated constraint).
Applied set_property KEEP_HIERARCHY = SOFT for inst/s00_nodes/s00_w_node/inst/m_sc_xpm_cdc_async_rst_inst. (constraint file  auto generated constraint).
Applied set_property KEEP_HIERARCHY = SOFT for inst/s00_nodes/s00_ar_node/inst/s_sc_xpm_cdc_async_rst_inst. (constraint file  auto generated constraint).
Applied set_property KEEP_HIERARCHY = SOFT for inst/s00_nodes/s00_aw_node/inst/s_sc_xpm_cdc_async_rst_inst. (constraint file  auto generated constraint).
Applied set_property KEEP_HIERARCHY = SOFT for inst/s00_nodes/s00_b_node/inst/s_sc_xpm_cdc_async_rst_inst. (constraint file  auto generated constraint).
Applied set_property KEEP_HIERARCHY = SOFT for inst/s00_nodes/s00_r_node/inst/s_sc_xpm_cdc_async_rst_inst. (constraint file  auto generated constraint).
Applied set_property KEEP_HIERARCHY = SOFT for inst/s00_nodes/s00_w_node/inst/s_sc_xpm_cdc_async_rst_inst. (constraint file  auto generated constraint).
Applied set_property KEEP_HIERARCHY = SOFT for inst/m00_exit_pipeline/m00_exit/inst/xpm_cdc_async_rst_inst. (constraint file  auto generated constraint).
Applied set_property KEEP_HIERARCHY = SOFT for inst/s00_entry_pipeline/s00_mmu/inst/xpm_cdc_async_rst_inst. (constraint file  auto generated constraint).
Applied set_property KEEP_HIERARCHY = SOFT for inst/s00_entry_pipeline/s00_si_converter/inst/xpm_cdc_async_rst_inst. (constraint file  auto generated constraint).
Applied set_property KEEP_HIERARCHY = SOFT for inst/s00_entry_pipeline/s00_transaction_regulator/inst/xpm_cdc_async_rst_inst. (constraint file  auto generated constraint).
---------------------------------------------------------------------------------
Finished applying 'set_property' XDC Constraints : Time (s): cpu = 00:00:20 ; elapsed = 00:00:20 . Memory (MB): peak = 2335.125 ; gain = 832.207 ; free physical = 181 ; free virtual = 2642
---------------------------------------------------------------------------------
INFO: [Synth 8-802] inferred FSM for state register 'gen_axi.gen_write.write_cs_reg' in module 'sc_mmu_v1_0_14_decerr_slave'
INFO: [Synth 8-802] inferred FSM for state register 'gen_endpoint.w_state_reg' in module 'sc_mmu_v1_0_14_top'
INFO: [Synth 8-802] inferred FSM for state register 'gen_endpoint.r_state_reg' in module 'sc_mmu_v1_0_14_top'
INFO: [Synth 8-802] inferred FSM for state register 'w_state_reg' in module 'sc_si_converter_v1_0_14_axilite_conv'
INFO: [Synth 8-802] inferred FSM for state register 'r_state_reg' in module 'sc_si_converter_v1_0_14_axilite_conv'
---------------------------------------------------------------------------------------------------
                   State |                     New Encoding |                Previous Encoding 
---------------------------------------------------------------------------------------------------
            P_WRITE_IDLE |                              001 |                               00
            P_WRITE_DATA |                              010 |                               01
            P_WRITE_RESP |                              100 |                               10
---------------------------------------------------------------------------------------------------
INFO: [Synth 8-3354] encoded FSM with state register 'gen_axi.gen_write.write_cs_reg' using encoding 'one-hot' in module 'sc_mmu_v1_0_14_decerr_slave'
---------------------------------------------------------------------------------------------------
                   State |                     New Encoding |                Previous Encoding 
---------------------------------------------------------------------------------------------------
                  iSTATE |                               00 | 00000000000000000000000000000000
*
                 W_STALL |                               01 | 00000000000000000000000000000001
               W_PENDING |                               10 | 00000000000000000000000000000010
                W_DECERR |                               11 | 00000000000000000000000000000011
---------------------------------------------------------------------------------------------------
INFO: [Synth 8-3354] encoded FSM with state register 'gen_endpoint.w_state_reg' using encoding 'sequential' in module 'sc_mmu_v1_0_14_top'
---------------------------------------------------------------------------------------------------
                   State |                     New Encoding |                Previous Encoding 
---------------------------------------------------------------------------------------------------
                  iSTATE |                               00 | 00000000000000000000000000000000
*
                 R_STALL |                               01 | 00000000000000000000000000000001
               R_PENDING |                               10 | 00000000000000000000000000000010
                R_DECERR |                               11 | 00000000000000000000000000000011
---------------------------------------------------------------------------------------------------
INFO: [Synth 8-3354] encoded FSM with state register 'gen_endpoint.r_state_reg' using encoding 'sequential' in module 'sc_mmu_v1_0_14_top'
---------------------------------------------------------------------------------------------------
                   State |                     New Encoding |                Previous Encoding 
---------------------------------------------------------------------------------------------------
                  W_IDLE |                              000 | 00000000000000000000000000000000
                    W_RX |                              001 | 00000000000000000000000000000001
                    W_TX |                              010 | 00000000000000000000000000000010
              W_COMPLETE |                              011 | 00000000000000000000000000000100
               W_RECOVER |                              100 | 00000000000000000000000000000011
---------------------------------------------------------------------------------------------------
INFO: [Synth 8-3354] encoded FSM with state register 'w_state_reg' using encoding 'sequential' in module 'sc_si_converter_v1_0_14_axilite_conv'
---------------------------------------------------------------------------------------------------
                   State |                     New Encoding |                Previous Encoding 
---------------------------------------------------------------------------------------------------
                  R_IDLE |                               00 | 00000000000000000000000000000000
               R_PENDING |                               01 | 00000000000000000000000000000001
                    R_RX |                               10 | 00000000000000000000000000000010
                    R_TX |                               11 | 00000000000000000000000000000011
---------------------------------------------------------------------------------------------------
INFO: [Synth 8-3354] encoded FSM with state register 'r_state_reg' using encoding 'sequential' in module 'sc_si_converter_v1_0_14_axilite_conv'
---------------------------------------------------------------------------------
Finished RTL Optimization Phase 2 : Time (s): cpu = 00:00:21 ; elapsed = 00:00:21 . Memory (MB): peak = 2335.125 ; gain = 832.207 ; free physical = 167 ; free virtual = 2243
---------------------------------------------------------------------------------
---------------------------------------------------------------------------------
Start RTL Component Statistics 
---------------------------------------------------------------------------------
Detailed RTL Component Info : 
+---Adders : 
	   2 Input   12 Bit       Adders := 2     
	   2 Input   10 Bit       Adders := 1     
	   2 Input    9 Bit       Adders := 3     
	   2 Input    8 Bit       Adders := 3     
	   2 Input    7 Bit       Adders := 2     
	   2 Input    6 Bit       Adders := 1     
	   2 Input    4 Bit       Adders := 5     
	   2 Input    3 Bit       Adders := 1     
	   2 Input    1 Bit       Adders := 5     
	   3 Input    1 Bit       Adders := 2     
+---XORs : 
	   2 Input      1 Bit         XORs := 26    
+---Registers : 
	             2178 Bit    Registers := 4     
	              512 Bit    Registers := 1     
	              156 Bit    Registers := 2     
	               70 Bit    Registers := 1     
	               69 Bit    Registers := 1     
	               64 Bit    Registers := 4     
	               47 Bit    Registers := 1     
	               33 Bit    Registers := 1     
	               32 Bit    Registers := 4     
	               23 Bit    Registers := 1     
	               12 Bit    Registers := 5     
	                9 Bit    Registers := 4     
	                8 Bit    Registers := 4     
	                7 Bit    Registers := 3     
	                6 Bit    Registers := 1     
	                5 Bit    Registers := 3     
	                4 Bit    Registers := 6     
	                3 Bit    Registers := 21    
	                2 Bit    Registers := 8     
	                1 Bit    Registers := 126   
+---Muxes : 
	   2 Input 2178 Bit        Muxes := 2     
	   2 Input   32 Bit        Muxes := 2     
	   4 Input   32 Bit        Muxes := 2     
	   2 Input   12 Bit        Muxes := 7     
	   5 Input   12 Bit        Muxes := 1     
	   5 Input    9 Bit        Muxes := 1     
	   2 Input    9 Bit        Muxes := 3     
	   2 Input    8 Bit        Muxes := 3     
	   4 Input    8 Bit        Muxes := 1     
	   4 Input    7 Bit        Muxes := 1     
	   2 Input    7 Bit        Muxes := 7     
	   2 Input    6 Bit        Muxes := 1     
	   2 Input    3 Bit        Muxes := 5     
	   5 Input    3 Bit        Muxes := 1     
	   2 Input    2 Bit        Muxes := 16    
	   4 Input    2 Bit        Muxes := 6     
	   5 Input    2 Bit        Muxes := 1     
	   2 Input    1 Bit        Muxes := 100   
	   3 Input    1 Bit        Muxes := 8     
	   6 Input    1 Bit        Muxes := 8     
	   4 Input    1 Bit        Muxes := 25    
	   7 Input    1 Bit        Muxes := 4     
	   5 Input    1 Bit        Muxes := 16    
---------------------------------------------------------------------------------
Finished RTL Component Statistics 
---------------------------------------------------------------------------------
---------------------------------------------------------------------------------
Start Part Resource Summary
---------------------------------------------------------------------------------
Part Resources:
DSPs: 220 (col length:60)
BRAMs: 280 (col length: RAMB18 60 RAMB36 30)
---------------------------------------------------------------------------------
Finished Part Resource Summary
---------------------------------------------------------------------------------
---------------------------------------------------------------------------------
Start Cross Boundary and Area Optimization
---------------------------------------------------------------------------------
WARNING: [Synth 8-7080] Parallel synthesis criteria is not met
WARNING: [Synth 8-3332] Sequential element (clk_map/psr_aclk/U0/EXT_LPF/ACTIVE_LOW_EXT.ACT_LO_EXT/GENERATE_LEVEL_P_S_CDC.SINGLE_BIT.CROSS_PLEVEL_IN2SCNDRY_IN_cdc_to) is unused and will be removed from module bd_94ec.
WARNING: [Synth 8-3332] Sequential element (clk_map/psr_aclk/U0/EXT_LPF/ACTIVE_LOW_EXT.ACT_LO_EXT/GENERATE_LEVEL_P_S_CDC.SINGLE_BIT.CROSS_PLEVEL_IN2SCNDRY_s_level_out_d2) is unused and will be removed from module bd_94ec.
WARNING: [Synth 8-3332] Sequential element (clk_map/psr_aclk/U0/EXT_LPF/ACTIVE_LOW_EXT.ACT_LO_EXT/GENERATE_LEVEL_P_S_CDC.SINGLE_BIT.CROSS_PLEVEL_IN2SCNDRY_s_level_out_d3) is unused and will be removed from module bd_94ec.
WARNING: [Synth 8-3332] Sequential element (clk_map/psr_aclk/U0/EXT_LPF/ACTIVE_LOW_EXT.ACT_LO_EXT/GENERATE_LEVEL_P_S_CDC.SINGLE_BIT.CROSS_PLEVEL_IN2SCNDRY_s_level_out_d4) is unused and will be removed from module bd_94ec.
WARNING: [Synth 8-3332] Sequential element (clk_map/psr_aclk/U0/EXT_LPF/ACTIVE_LOW_EXT.ACT_LO_EXT/GENERATE_LEVEL_P_S_CDC.SINGLE_BIT.CROSS_PLEVEL_IN2SCNDRY_s_level_out_d5) is unused and will be removed from module bd_94ec.
WARNING: [Synth 8-3332] Sequential element (clk_map/psr_aclk/U0/EXT_LPF/ACTIVE_LOW_EXT.ACT_LO_EXT/GENERATE_LEVEL_P_S_CDC.SINGLE_BIT.CROSS_PLEVEL_IN2SCNDRY_s_level_out_d6) is unused and will be removed from module bd_94ec.
WARNING: [Synth 8-3332] Sequential element (clk_map/psr_aclk/U0/EXT_LPF/ACTIVE_LOW_AUX.ACT_LO_AUX/GENERATE_LEVEL_P_S_CDC.SINGLE_BIT.CROSS_PLEVEL_IN2SCNDRY_s_level_out_d5) is unused and will be removed from module bd_94ec.
WARNING: [Synth 8-3332] Sequential element (clk_map/psr_aclk/U0/EXT_LPF/ACTIVE_LOW_AUX.ACT_LO_AUX/GENERATE_LEVEL_P_S_CDC.SINGLE_BIT.CROSS_PLEVEL_IN2SCNDRY_s_level_out_d6) is unused and will be removed from module bd_94ec.
WARNING: [Synth 8-3332] Sequential element (clk_map/psr_aclk/U0/FDRE_inst) is unused and will be removed from module bd_94ec.
WARNING: [Synth 8-3332] Sequential element (clk_map/psr_aclk/U0/BSR_OUT_DFF[0].FDRE_BSR) is unused and will be removed from module bd_94ec.
WARNING: [Synth 8-3332] Sequential element (clk_map/psr_aclk/U0/PR_OUT_DFF[0].FDRE_PER) is unused and will be removed from module bd_94ec.
WARNING: [Synth 8-3332] Sequential element (clk_map/psr_aclk/U0/ACTIVE_LOW_PR_OUT_DFF[0].FDRE_PER_N) is unused and will be removed from module bd_94ec.
---------------------------------------------------------------------------------
Finished Cross Boundary and Area Optimization : Time (s): cpu = 00:00:26 ; elapsed = 00:00:26 . Memory (MB): peak = 2335.125 ; gain = 832.207 ; free physical = 327 ; free virtual = 2440
---------------------------------------------------------------------------------
---------------------------------------------------------------------------------
Start Applying XDC Timing Constraints
---------------------------------------------------------------------------------
---------------------------------------------------------------------------------
Finished Applying XDC Timing Constraints : Time (s): cpu = 00:00:30 ; elapsed = 00:00:30 . Memory (MB): peak = 2335.125 ; gain = 832.207 ; free physical = 4286 ; free virtual = 6475
---------------------------------------------------------------------------------
---------------------------------------------------------------------------------
Start Timing Optimization
---------------------------------------------------------------------------------
---------------------------------------------------------------------------------
Finished Timing Optimization : Time (s): cpu = 00:00:30 ; elapsed = 00:00:30 . Memory (MB): peak = 2335.125 ; gain = 832.207 ; free physical = 4276 ; free virtual = 6468
---------------------------------------------------------------------------------
---------------------------------------------------------------------------------
Start Technology Mapping
---------------------------------------------------------------------------------
---------------------------------------------------------------------------------
Finished Technology Mapping : Time (s): cpu = 00:00:30 ; elapsed = 00:00:30 . Memory (MB): peak = 2335.125 ; gain = 832.207 ; free physical = 4279 ; free virtual = 6470
---------------------------------------------------------------------------------
---------------------------------------------------------------------------------
Start IO Insertion
---------------------------------------------------------------------------------
---------------------------------------------------------------------------------
Start Flattening Before IO Insertion
---------------------------------------------------------------------------------
---------------------------------------------------------------------------------
Finished Flattening Before IO Insertion
---------------------------------------------------------------------------------
---------------------------------------------------------------------------------
Start Final Netlist Cleanup
---------------------------------------------------------------------------------
---------------------------------------------------------------------------------
Finished Final Netlist Cleanup
---------------------------------------------------------------------------------
---------------------------------------------------------------------------------
Finished IO Insertion : Time (s): cpu = 00:00:32 ; elapsed = 00:00:32 . Memory (MB): peak = 2440.938 ; gain = 938.020 ; free physical = 4138 ; free virtual = 6362
---------------------------------------------------------------------------------
---------------------------------------------------------------------------------
Start Renaming Generated Instances
---------------------------------------------------------------------------------
---------------------------------------------------------------------------------
Finished Renaming Generated Instances : Time (s): cpu = 00:00:32 ; elapsed = 00:00:32 . Memory (MB): peak = 2440.938 ; gain = 938.020 ; free physical = 4138 ; free virtual = 6362
---------------------------------------------------------------------------------
---------------------------------------------------------------------------------
Start Rebuilding User Hierarchy
---------------------------------------------------------------------------------
---------------------------------------------------------------------------------
Finished Rebuilding User Hierarchy : Time (s): cpu = 00:00:32 ; elapsed = 00:00:32 . Memory (MB): peak = 2440.938 ; gain = 938.020 ; free physical = 4137 ; free virtual = 6361
---------------------------------------------------------------------------------
---------------------------------------------------------------------------------
Start Renaming Generated Ports
---------------------------------------------------------------------------------
---------------------------------------------------------------------------------
Finished Renaming Generated Ports : Time (s): cpu = 00:00:32 ; elapsed = 00:00:32 . Memory (MB): peak = 2440.938 ; gain = 938.020 ; free physical = 4137 ; free virtual = 6361
---------------------------------------------------------------------------------
---------------------------------------------------------------------------------
Start Handling Custom Attributes
---------------------------------------------------------------------------------
---------------------------------------------------------------------------------
Finished Handling Custom Attributes : Time (s): cpu = 00:00:32 ; elapsed = 00:00:32 . Memory (MB): peak = 2440.938 ; gain = 938.020 ; free physical = 4137 ; free virtual = 6361
---------------------------------------------------------------------------------
---------------------------------------------------------------------------------
Start Renaming Generated Nets
---------------------------------------------------------------------------------
---------------------------------------------------------------------------------
Finished Renaming Generated Nets : Time (s): cpu = 00:00:32 ; elapsed = 00:00:32 . Memory (MB): peak = 2440.938 ; gain = 938.020 ; free physical = 4137 ; free virtual = 6361
---------------------------------------------------------------------------------
---------------------------------------------------------------------------------
Start Writing Synthesis Report
---------------------------------------------------------------------------------

Report BlackBoxes: 
+-+--------------+----------+
| |BlackBox name |Instances |
+-+--------------+----------+
+-+--------------+----------+

Report Cell Usage: 
+------+-------+------+
|      |Cell   |Count |
+------+-------+------+
|1     |CARRY4 |     4|
|2     |LUT1   |    51|
|3     |LUT2   |    80|
|4     |LUT3   |   129|
|5     |LUT4   |    85|
|6     |LUT5   |    66|
|7     |LUT6   |   116|
|8     |SRL16  |     1|
|9     |FDCE   |    42|
|10    |FDR    |     4|
|11    |FDRE   |   509|
|12    |FDSE   |     9|
+------+-------+------+
---------------------------------------------------------------------------------
Finished Writing Synthesis Report : Time (s): cpu = 00:00:32 ; elapsed = 00:00:32 . Memory (MB): peak = 2440.938 ; gain = 938.020 ; free physical = 4137 ; free virtual = 6361
---------------------------------------------------------------------------------
Synthesis finished with 0 errors, 0 critical warnings and 14969 warnings.
Synthesis Optimization Runtime : Time (s): cpu = 00:00:26 ; elapsed = 00:00:27 . Memory (MB): peak = 2440.938 ; gain = 696.457 ; free physical = 4136 ; free virtual = 6361
Synthesis Optimization Complete : Time (s): cpu = 00:00:32 ; elapsed = 00:00:32 . Memory (MB): peak = 2440.945 ; gain = 938.020 ; free physical = 4136 ; free virtual = 6361
INFO: [Project 1-571] Translating synthesized netlist
Netlist sorting complete. Time (s): cpu = 00:00:00.06 ; elapsed = 00:00:00.05 . Memory (MB): peak = 2440.945 ; gain = 0.000 ; free physical = 4265 ; free virtual = 6490
INFO: [Netlist 29-17] Analyzing 9 Unisim elements for replacement
INFO: [Netlist 29-28] Unisim Transformation completed in 0 CPU seconds
INFO: [Project 1-570] Preparing netlist for logic optimization
INFO: [Opt 31-138] Pushed 0 inverter(s) to 0 load pin(s).
Netlist sorting complete. Time (s): cpu = 00:00:00 ; elapsed = 00:00:00 . Memory (MB): peak = 2496.965 ; gain = 0.000 ; free physical = 4229 ; free virtual = 6488
INFO: [Project 1-111] Unisim Transformation Summary:
  A total of 5 instances were transformed.
  FDR => FDRE: 4 instances
  SRL16 => SRL16E: 1 instance 

Synth Design complete | Checksum: 2b63df89
INFO: [Common 17-83] Releasing license: Synthesis
101 Infos, 120 Warnings, 0 Critical Warnings and 0 Errors encountered.
synth_design completed successfully
synth_design: Time (s): cpu = 00:00:38 ; elapsed = 00:00:36 . Memory (MB): peak = 2496.965 ; gain = 1114.871 ; free physical = 4229 ; free virtual = 6488
INFO: [Common 17-2834] synth_design peak Physical Memory [PSS] (MB): overall = 1634.546; main = 1563.976; forked = 245.054
INFO: [Common 17-2834] synth_design peak Virtual Memory [VSS] (MB): overall = 3259.289; main = 2496.969; forked = 924.160
Write ShapeDB Complete: Time (s): cpu = 00:00:00 ; elapsed = 00:00:00.01 . Memory (MB): peak = 2520.977 ; gain = 0.000 ; free physical = 4229 ; free virtual = 6488
INFO: [Common 17-1381] The checkpoint '/home/binh/BTL_HTN_GTN_final/la_bd_project/la_bd_project.runs/la_system_smartconnect_0_0_synth_1/la_system_smartconnect_0_0.dcp' has been generated.
INFO: [Coretcl 2-1648] Added synthesis output to IP cache for IP la_system_smartconnect_0_0, cache-ID = c27038a363c9e803
INFO: [Coretcl 2-1174] Renamed 74 cell refs.
Write ShapeDB Complete: Time (s): cpu = 00:00:00 ; elapsed = 00:00:00 . Memory (MB): peak = 2520.977 ; gain = 0.000 ; free physical = 4257 ; free virtual = 6496
INFO: [Common 17-1381] The checkpoint '/home/binh/BTL_HTN_GTN_final/la_bd_project/la_bd_project.runs/la_system_smartconnect_0_0_synth_1/la_system_smartconnect_0_0.dcp' has been generated.
INFO: [Vivado 12-24828] Executing command : report_utilization -file la_system_smartconnect_0_0_utilization_synth.rpt -pb la_system_smartconnect_0_0_utilization_synth.pb
INFO: [Common 17-206] Exiting Vivado at Sat Jul 18 22:47:32 2026...
