
*** Running vivado
    with args -log la_system_clk_wiz_0_1.vds -m64 -product Vivado -mode batch -messageDb vivado.pb -notrace -source la_system_clk_wiz_0_1.tcl


****** Vivado v2024.2 (64-bit)
  **** SW Build 5239630 on Fri Nov 08 22:34:34 MST 2024
  **** IP Build 5239520 on Sun Nov 10 16:12:51 MST 2024
  **** SharedData Build 5239561 on Fri Nov 08 14:39:27 MST 2024
  **** Start of session at: Sat Jul 18 22:46:51 2026
    ** Copyright 1986-2022 Xilinx, Inc. All Rights Reserved.
    ** Copyright 2022-2024 Advanced Micro Devices, Inc. All Rights Reserved.

source la_system_clk_wiz_0_1.tcl -notrace
INFO: [IP_Flow 19-234] Refreshing IP repositories
INFO: [IP_Flow 19-1700] Loaded user IP repository '/home/binh/BTL_HTN_GTN_final'.
WARNING: [IP_Flow 19-3656] If you move the project, the path for repository '/home/binh/BTL_HTN_GTN_final' may become invalid. A better location for the repository would be in a path adjacent to the project. (Current project location is '/home/binh/BTL_HTN_GTN_final/la_bd_project/la_bd_project.runs/la_system_clk_wiz_0_1_synth_1'.)
INFO: [IP_Flow 19-2313] Loaded Vivado IP repository '/home/binh/Tools/Xilinx/Vivado/2024.2/data/ip'.
INFO: [IP_Flow 19-6924] IPCACHE: Running cache check for IP inst: la_system_clk_wiz_0_1
Command: synth_design -top la_system_clk_wiz_0_1 -part xc7z020clg484-1 -incremental_mode off -mode out_of_context
Starting synth_design
Attempting to get a license for feature 'Synthesis' and/or device 'xc7z020'
INFO: [Common 17-349] Got license for feature 'Synthesis' and/or device 'xc7z020'
INFO: [Device 21-403] Loading part xc7z020clg484-1
INFO: [Synth 8-7079] Multithreading enabled for synth_design using a maximum of 7 processes.
INFO: [Synth 8-7078] Launching helper process for spawning children vivado processes
INFO: [Synth 8-7075] Helper process launched with PID 94529
---------------------------------------------------------------------------------
Starting RTL Elaboration : Time (s): cpu = 00:00:04 ; elapsed = 00:00:04 . Memory (MB): peak = 1910.426 ; gain = 420.828 ; free physical = 158 ; free virtual = 3207
---------------------------------------------------------------------------------
INFO: [Synth 8-6157] synthesizing module 'la_system_clk_wiz_0_1' [/home/binh/BTL_HTN_GTN_final/la_bd_project/la_bd_project.gen/sources_1/bd/la_system/ip/la_system_clk_wiz_0_1/la_system_clk_wiz_0_1.v:65]
INFO: [Synth 8-6157] synthesizing module 'la_system_clk_wiz_0_1_clk_wiz' [/home/binh/BTL_HTN_GTN_final/la_bd_project/la_bd_project.gen/sources_1/bd/la_system/ip/la_system_clk_wiz_0_1/la_system_clk_wiz_0_1_clk_wiz.v:65]
INFO: [Synth 8-6157] synthesizing module 'IBUF' [/home/binh/Tools/Xilinx/Vivado/2024.2/scripts/rt/data/unisim_comp.v:75825]
INFO: [Synth 8-6155] done synthesizing module 'IBUF' (0#1) [/home/binh/Tools/Xilinx/Vivado/2024.2/scripts/rt/data/unisim_comp.v:75825]
INFO: [Synth 8-6157] synthesizing module 'MMCME2_ADV' [/home/binh/Tools/Xilinx/Vivado/2024.2/scripts/rt/data/unisim_comp.v:84588]
	Parameter BANDWIDTH bound to: OPTIMIZED - type: string 
	Parameter CLKFBOUT_MULT_F bound to: 10.000000 - type: double 
	Parameter CLKFBOUT_PHASE bound to: 0.000000 - type: double 
	Parameter CLKFBOUT_USE_FINE_PS bound to: FALSE - type: string 
	Parameter CLKIN1_PERIOD bound to: 10.000000 - type: double 
	Parameter CLKOUT0_DIVIDE_F bound to: 8.000000 - type: double 
	Parameter CLKOUT0_DUTY_CYCLE bound to: 0.500000 - type: double 
	Parameter CLKOUT0_PHASE bound to: 0.000000 - type: double 
	Parameter CLKOUT0_USE_FINE_PS bound to: FALSE - type: string 
	Parameter CLKOUT4_CASCADE bound to: FALSE - type: string 
	Parameter COMPENSATION bound to: ZHOLD - type: string 
	Parameter DIVCLK_DIVIDE bound to: 1 - type: integer 
	Parameter STARTUP_WAIT bound to: FALSE - type: string 
INFO: [Synth 8-6155] done synthesizing module 'MMCME2_ADV' (0#1) [/home/binh/Tools/Xilinx/Vivado/2024.2/scripts/rt/data/unisim_comp.v:84588]
INFO: [Synth 8-6157] synthesizing module 'BUFG' [/home/binh/Tools/Xilinx/Vivado/2024.2/scripts/rt/data/unisim_comp.v:2676]
INFO: [Synth 8-6155] done synthesizing module 'BUFG' (0#1) [/home/binh/Tools/Xilinx/Vivado/2024.2/scripts/rt/data/unisim_comp.v:2676]
INFO: [Synth 8-6155] done synthesizing module 'la_system_clk_wiz_0_1_clk_wiz' (0#1) [/home/binh/BTL_HTN_GTN_final/la_bd_project/la_bd_project.gen/sources_1/bd/la_system/ip/la_system_clk_wiz_0_1/la_system_clk_wiz_0_1_clk_wiz.v:65]
INFO: [Synth 8-6155] done synthesizing module 'la_system_clk_wiz_0_1' (0#1) [/home/binh/BTL_HTN_GTN_final/la_bd_project/la_bd_project.gen/sources_1/bd/la_system/ip/la_system_clk_wiz_0_1/la_system_clk_wiz_0_1.v:65]
---------------------------------------------------------------------------------
Finished RTL Elaboration : Time (s): cpu = 00:00:05 ; elapsed = 00:00:06 . Memory (MB): peak = 1986.395 ; gain = 496.797 ; free physical = 204 ; free virtual = 3015
---------------------------------------------------------------------------------
---------------------------------------------------------------------------------
Start Handling Custom Attributes
---------------------------------------------------------------------------------
---------------------------------------------------------------------------------
Finished Handling Custom Attributes : Time (s): cpu = 00:00:05 ; elapsed = 00:00:06 . Memory (MB): peak = 2001.238 ; gain = 511.641 ; free physical = 200 ; free virtual = 3011
---------------------------------------------------------------------------------
---------------------------------------------------------------------------------
Finished RTL Optimization Phase 1 : Time (s): cpu = 00:00:05 ; elapsed = 00:00:06 . Memory (MB): peak = 2001.238 ; gain = 511.641 ; free physical = 200 ; free virtual = 3011
---------------------------------------------------------------------------------
Netlist sorting complete. Time (s): cpu = 00:00:00 ; elapsed = 00:00:00 . Memory (MB): peak = 2007.176 ; gain = 0.000 ; free physical = 196 ; free virtual = 3007
INFO: [Netlist 29-17] Analyzing 1 Unisim elements for replacement
INFO: [Netlist 29-28] Unisim Transformation completed in 0 CPU seconds
INFO: [Project 1-570] Preparing netlist for logic optimization

Processing XDC Constraints
Initializing timing engine
Parsing XDC File [/home/binh/BTL_HTN_GTN_final/la_bd_project/la_bd_project.gen/sources_1/bd/la_system/ip/la_system_clk_wiz_0_1/la_system_clk_wiz_0_1_ooc.xdc] for cell 'inst'
Finished Parsing XDC File [/home/binh/BTL_HTN_GTN_final/la_bd_project/la_bd_project.gen/sources_1/bd/la_system/ip/la_system_clk_wiz_0_1/la_system_clk_wiz_0_1_ooc.xdc] for cell 'inst'
Parsing XDC File [/home/binh/BTL_HTN_GTN_final/la_bd_project/la_bd_project.gen/sources_1/bd/la_system/ip/la_system_clk_wiz_0_1/la_system_clk_wiz_0_1_board.xdc] for cell 'inst'
Finished Parsing XDC File [/home/binh/BTL_HTN_GTN_final/la_bd_project/la_bd_project.gen/sources_1/bd/la_system/ip/la_system_clk_wiz_0_1/la_system_clk_wiz_0_1_board.xdc] for cell 'inst'
Parsing XDC File [/home/binh/BTL_HTN_GTN_final/la_bd_project/la_bd_project.gen/sources_1/bd/la_system/ip/la_system_clk_wiz_0_1/la_system_clk_wiz_0_1.xdc] for cell 'inst'
Finished Parsing XDC File [/home/binh/BTL_HTN_GTN_final/la_bd_project/la_bd_project.gen/sources_1/bd/la_system/ip/la_system_clk_wiz_0_1/la_system_clk_wiz_0_1.xdc] for cell 'inst'
INFO: [Project 1-236] Implementation specific constraints were found while reading constraint file [/home/binh/BTL_HTN_GTN_final/la_bd_project/la_bd_project.gen/sources_1/bd/la_system/ip/la_system_clk_wiz_0_1/la_system_clk_wiz_0_1.xdc]. These constraints will be ignored for synthesis but will be used in implementation. Impacted constraints are listed in the file [.Xil/la_system_clk_wiz_0_1_propImpl.xdc].
Resolution: To avoid this warning, move constraints listed in [.Xil/la_system_clk_wiz_0_1_propImpl.xdc] to another XDC file and exclude this new file from synthesis with the used_in_synthesis property (File Properties dialog in GUI) and re-run elaboration/synthesis.
INFO: [Timing 38-2] Deriving generated clocks
Parsing XDC File [/home/binh/BTL_HTN_GTN_final/la_bd_project/la_bd_project.runs/la_system_clk_wiz_0_1_synth_1/dont_touch.xdc]
Finished Parsing XDC File [/home/binh/BTL_HTN_GTN_final/la_bd_project/la_bd_project.runs/la_system_clk_wiz_0_1_synth_1/dont_touch.xdc]
Completed Processing XDC Constraints

Netlist sorting complete. Time (s): cpu = 00:00:00 ; elapsed = 00:00:00 . Memory (MB): peak = 2074.176 ; gain = 0.000 ; free physical = 230 ; free virtual = 3055
INFO: [Project 1-111] Unisim Transformation Summary:
No Unisim elements were transformed.

Constraint Validation Runtime : Time (s): cpu = 00:00:00.01 ; elapsed = 00:00:00.01 . Memory (MB): peak = 2074.176 ; gain = 0.000 ; free physical = 230 ; free virtual = 3055
INFO: [Designutils 20-5008] Incremental synthesis strategy off
---------------------------------------------------------------------------------
Finished Constraint Validation : Time (s): cpu = 00:00:12 ; elapsed = 00:00:12 . Memory (MB): peak = 2074.176 ; gain = 584.578 ; free physical = 174 ; free virtual = 3025
---------------------------------------------------------------------------------
---------------------------------------------------------------------------------
Start Loading Part and Timing Information
---------------------------------------------------------------------------------
Loading part: xc7z020clg484-1
---------------------------------------------------------------------------------
Finished Loading Part and Timing Information : Time (s): cpu = 00:00:12 ; elapsed = 00:00:12 . Memory (MB): peak = 2082.180 ; gain = 592.582 ; free physical = 172 ; free virtual = 3023
---------------------------------------------------------------------------------
---------------------------------------------------------------------------------
Start Applying 'set_property' XDC Constraints
---------------------------------------------------------------------------------
Applied set_property keep_hierarchy = soft for inst. (constraint file  /home/binh/BTL_HTN_GTN_final/la_bd_project/la_bd_project.gen/sources_1/bd/la_system/ip/la_system_clk_wiz_0_1/la_system_clk_wiz_0_1.xdc, line 53).
Applied set_property KEEP_HIERARCHY = SOFT for inst. (constraint file  /home/binh/BTL_HTN_GTN_final/la_bd_project/la_bd_project.runs/la_system_clk_wiz_0_1_synth_1/dont_touch.xdc, line 9).
---------------------------------------------------------------------------------
Finished applying 'set_property' XDC Constraints : Time (s): cpu = 00:00:12 ; elapsed = 00:00:12 . Memory (MB): peak = 2082.180 ; gain = 592.582 ; free physical = 172 ; free virtual = 3023
---------------------------------------------------------------------------------
---------------------------------------------------------------------------------
Finished RTL Optimization Phase 2 : Time (s): cpu = 00:00:12 ; elapsed = 00:00:13 . Memory (MB): peak = 2082.180 ; gain = 592.582 ; free physical = 170 ; free virtual = 3024
---------------------------------------------------------------------------------
---------------------------------------------------------------------------------
Start RTL Component Statistics 
---------------------------------------------------------------------------------
Detailed RTL Component Info : 
---------------------------------------------------------------------------------
Finished RTL Component Statistics 
---------------------------------------------------------------------------------
---------------------------------------------------------------------------------
Start Part Resource Summary
---------------------------------------------------------------------------------
Part Resources:
DSPs: 220 (col length:60)
BRAMs: 280 (col length: RAMB18 60 RAMB36 30)
---------------------------------------------------------------------------------
Finished Part Resource Summary
---------------------------------------------------------------------------------
---------------------------------------------------------------------------------
Start Cross Boundary and Area Optimization
---------------------------------------------------------------------------------
WARNING: [Synth 8-7080] Parallel synthesis criteria is not met
---------------------------------------------------------------------------------
Finished Cross Boundary and Area Optimization : Time (s): cpu = 00:00:13 ; elapsed = 00:00:14 . Memory (MB): peak = 2082.180 ; gain = 592.582 ; free physical = 193 ; free virtual = 3039
---------------------------------------------------------------------------------
---------------------------------------------------------------------------------
Start Applying XDC Timing Constraints
---------------------------------------------------------------------------------
---------------------------------------------------------------------------------
Finished Applying XDC Timing Constraints : Time (s): cpu = 00:00:19 ; elapsed = 00:00:19 . Memory (MB): peak = 2166.180 ; gain = 676.582 ; free physical = 169 ; free virtual = 2720
---------------------------------------------------------------------------------
---------------------------------------------------------------------------------
Start Timing Optimization
---------------------------------------------------------------------------------
---------------------------------------------------------------------------------
Finished Timing Optimization : Time (s): cpu = 00:00:19 ; elapsed = 00:00:19 . Memory (MB): peak = 2166.180 ; gain = 676.582 ; free physical = 169 ; free virtual = 2720
---------------------------------------------------------------------------------
---------------------------------------------------------------------------------
Start Technology Mapping
---------------------------------------------------------------------------------
---------------------------------------------------------------------------------
Finished Technology Mapping : Time (s): cpu = 00:00:19 ; elapsed = 00:00:19 . Memory (MB): peak = 2175.195 ; gain = 685.598 ; free physical = 150 ; free virtual = 2701
---------------------------------------------------------------------------------
---------------------------------------------------------------------------------
Start IO Insertion
---------------------------------------------------------------------------------
---------------------------------------------------------------------------------
Start Flattening Before IO Insertion
---------------------------------------------------------------------------------
---------------------------------------------------------------------------------
Finished Flattening Before IO Insertion
---------------------------------------------------------------------------------
---------------------------------------------------------------------------------
Start Final Netlist Cleanup
---------------------------------------------------------------------------------
---------------------------------------------------------------------------------
Finished Final Netlist Cleanup
---------------------------------------------------------------------------------
---------------------------------------------------------------------------------
Finished IO Insertion : Time (s): cpu = 00:00:22 ; elapsed = 00:00:22 . Memory (MB): peak = 2346.008 ; gain = 856.410 ; free physical = 305 ; free virtual = 2321
---------------------------------------------------------------------------------
---------------------------------------------------------------------------------
Start Renaming Generated Instances
---------------------------------------------------------------------------------
---------------------------------------------------------------------------------
Finished Renaming Generated Instances : Time (s): cpu = 00:00:22 ; elapsed = 00:00:22 . Memory (MB): peak = 2346.008 ; gain = 856.410 ; free physical = 305 ; free virtual = 2321
---------------------------------------------------------------------------------
---------------------------------------------------------------------------------
Start Rebuilding User Hierarchy
---------------------------------------------------------------------------------
---------------------------------------------------------------------------------
Finished Rebuilding User Hierarchy : Time (s): cpu = 00:00:22 ; elapsed = 00:00:22 . Memory (MB): peak = 2346.008 ; gain = 856.410 ; free physical = 305 ; free virtual = 2321
---------------------------------------------------------------------------------
---------------------------------------------------------------------------------
Start Renaming Generated Ports
---------------------------------------------------------------------------------
---------------------------------------------------------------------------------
Finished Renaming Generated Ports : Time (s): cpu = 00:00:22 ; elapsed = 00:00:22 . Memory (MB): peak = 2346.008 ; gain = 856.410 ; free physical = 305 ; free virtual = 2321
---------------------------------------------------------------------------------
---------------------------------------------------------------------------------
Start Handling Custom Attributes
---------------------------------------------------------------------------------
---------------------------------------------------------------------------------
Finished Handling Custom Attributes : Time (s): cpu = 00:00:22 ; elapsed = 00:00:22 . Memory (MB): peak = 2346.008 ; gain = 856.410 ; free physical = 305 ; free virtual = 2321
---------------------------------------------------------------------------------
---------------------------------------------------------------------------------
Start Renaming Generated Nets
---------------------------------------------------------------------------------
---------------------------------------------------------------------------------
Finished Renaming Generated Nets : Time (s): cpu = 00:00:22 ; elapsed = 00:00:22 . Memory (MB): peak = 2346.008 ; gain = 856.410 ; free physical = 305 ; free virtual = 2321
---------------------------------------------------------------------------------
---------------------------------------------------------------------------------
Start Writing Synthesis Report
---------------------------------------------------------------------------------

Report BlackBoxes: 
+-+--------------+----------+
| |BlackBox name |Instances |
+-+--------------+----------+
+-+--------------+----------+

Report Cell Usage: 
+------+-----------+------+
|      |Cell       |Count |
+------+-----------+------+
|1     |BUFG       |     2|
|2     |LUT1       |     1|
|3     |MMCME2_ADV |     1|
|4     |IBUF       |     1|
+------+-----------+------+
---------------------------------------------------------------------------------
Finished Writing Synthesis Report : Time (s): cpu = 00:00:22 ; elapsed = 00:00:22 . Memory (MB): peak = 2346.008 ; gain = 856.410 ; free physical = 305 ; free virtual = 2321
---------------------------------------------------------------------------------
Synthesis finished with 0 errors, 0 critical warnings and 1 warnings.
Synthesis Optimization Runtime : Time (s): cpu = 00:00:20 ; elapsed = 00:00:20 . Memory (MB): peak = 2346.008 ; gain = 783.473 ; free physical = 297 ; free virtual = 2313
Synthesis Optimization Complete : Time (s): cpu = 00:00:22 ; elapsed = 00:00:22 . Memory (MB): peak = 2346.016 ; gain = 856.410 ; free physical = 297 ; free virtual = 2313
INFO: [Project 1-571] Translating synthesized netlist
Netlist sorting complete. Time (s): cpu = 00:00:00 ; elapsed = 00:00:00 . Memory (MB): peak = 2346.016 ; gain = 0.000 ; free physical = 297 ; free virtual = 2313
INFO: [Netlist 29-17] Analyzing 1 Unisim elements for replacement
INFO: [Netlist 29-28] Unisim Transformation completed in 0 CPU seconds
INFO: [Project 1-570] Preparing netlist for logic optimization
INFO: [Opt 31-138] Pushed 0 inverter(s) to 0 load pin(s).
Netlist sorting complete. Time (s): cpu = 00:00:00 ; elapsed = 00:00:00 . Memory (MB): peak = 2346.016 ; gain = 0.000 ; free physical = 520 ; free virtual = 2573
INFO: [Project 1-111] Unisim Transformation Summary:
No Unisim elements were transformed.

Synth Design complete | Checksum: 398f8bbe
INFO: [Common 17-83] Releasing license: Synthesis
33 Infos, 2 Warnings, 0 Critical Warnings and 0 Errors encountered.
synth_design completed successfully
synth_design: Time (s): cpu = 00:00:28 ; elapsed = 00:00:26 . Memory (MB): peak = 2346.016 ; gain = 964.922 ; free physical = 510 ; free virtual = 2563
INFO: [Common 17-2834] synth_design peak Physical Memory [PSS] (MB): overall = 1435.692; main = 1330.272; forked = 197.964
INFO: [Common 17-2834] synth_design peak Virtual Memory [VSS] (MB): overall = 3144.359; main = 2346.012; forked = 924.160
Write ShapeDB Complete: Time (s): cpu = 00:00:00.01 ; elapsed = 00:00:00 . Memory (MB): peak = 2370.020 ; gain = 0.000 ; free physical = 510 ; free virtual = 2564
INFO: [Common 17-1381] The checkpoint '/home/binh/BTL_HTN_GTN_final/la_bd_project/la_bd_project.runs/la_system_clk_wiz_0_1_synth_1/la_system_clk_wiz_0_1.dcp' has been generated.
INFO: [Coretcl 2-1648] Added synthesis output to IP cache for IP la_system_clk_wiz_0_1, cache-ID = d9450e45b701d40f
Write ShapeDB Complete: Time (s): cpu = 00:00:00 ; elapsed = 00:00:00 . Memory (MB): peak = 2426.047 ; gain = 0.000 ; free physical = 472 ; free virtual = 2538
INFO: [Common 17-1381] The checkpoint '/home/binh/BTL_HTN_GTN_final/la_bd_project/la_bd_project.runs/la_system_clk_wiz_0_1_synth_1/la_system_clk_wiz_0_1.dcp' has been generated.
INFO: [Vivado 12-24828] Executing command : report_utilization -file la_system_clk_wiz_0_1_utilization_synth.rpt -pb la_system_clk_wiz_0_1_utilization_synth.pb
INFO: [Common 17-206] Exiting Vivado at Sat Jul 18 22:47:21 2026...
