Copyright 1986-2022 Xilinx, Inc. All Rights Reserved. Copyright 2022-2024 Advanced Micro Devices, Inc. All Rights Reserved.
---------------------------------------------------------------------------------------------------------------------------------------------
| Tool Version : Vivado v.2024.2 (lin64) Build 5239630 Fri Nov 08 22:34:34 MST 2024
| Date         : Sat Jul 18 22:49:40 2026
| Host         : binh running 64-bit Ubuntu 22.04.5 LTS
| Command      : report_control_sets -verbose -file la_system_wrapper_control_sets_placed.rpt
| Design       : la_system_wrapper
| Device       : xc7z020
---------------------------------------------------------------------------------------------------------------------------------------------

Control Set Information

Table of Contents
-----------------
1. Summary
2. Histogram
3. Flip-Flop Distribution
4. Detailed Control Set Information

1. Summary
----------

+----------------------------------------------------------+-------+
|                          Status                          | Count |
+----------------------------------------------------------+-------+
| Total control sets                                       |    59 |
|    Minimum number of control sets                        |    59 |
|    Addition due to synthesis replication                 |     0 |
|    Addition due to physical synthesis replication        |     0 |
| Unused register locations in slices containing registers |   182 |
+----------------------------------------------------------+-------+
* Control sets can be merged at opt_design using control_set_merge or merge_equivalent_drivers
** Run report_qor_suggestions for automated merging and remapping suggestions


2. Histogram
------------

+--------------------+-------+
|       Fanout       | Count |
+--------------------+-------+
| Total control sets |    59 |
| >= 0 to < 4        |    14 |
| >= 4 to < 6        |     2 |
| >= 6 to < 8        |     3 |
| >= 8 to < 10       |    13 |
| >= 10 to < 12      |     0 |
| >= 12 to < 14      |     4 |
| >= 14 to < 16      |     0 |
| >= 16              |    23 |
+--------------------+-------+
* Control sets can be remapped at either synth_design or opt_design


3. Flip-Flop Distribution
-------------------------

+--------------+-----------------------+------------------------+-----------------+--------------+
| Clock Enable | Synchronous Set/Reset | Asynchronous Set/Reset | Total Registers | Total Slices |
+--------------+-----------------------+------------------------+-----------------+--------------+
| No           | No                    | No                     |             116 |           33 |
| No           | No                    | Yes                    |              88 |           28 |
| No           | Yes                   | No                     |              65 |           36 |
| Yes          | No                    | No                     |             195 |           45 |
| Yes          | No                    | Yes                    |              96 |           25 |
| Yes          | Yes                   | No                     |             274 |           86 |
+--------------+-----------------------+------------------------+-----------------+--------------+


4. Detailed Control Set Information
-----------------------------------

+--------------------------------------+---------------------------------------------------------------------------------------------------------------------------------------------------------------------------+------------------------------------------------------------------------------------------------------------------------------+------------------+----------------+--------------+
|             Clock Signal             |                                                                               Enable Signal                                                                               |                                                       Set/Reset Signal                                                       | Slice Load Count | Bel Load Count | Bels / Slice |
+--------------------------------------+---------------------------------------------------------------------------------------------------------------------------------------------------------------------------+------------------------------------------------------------------------------------------------------------------------------+------------------+----------------+--------------+
|  la_system_i/clk_wiz_0/inst/clk_out1 |                                                                                                                                                                           | la_system_i/smartconnect_0/inst/s00_nodes/s00_ar_node/inst/s_sc_areset_pipe                                                  |                1 |              1 |         1.00 |
|  la_system_i/clk_wiz_0/inst/clk_out1 |                                                                                                                                                                           | la_system_i/smartconnect_0/inst/s00_nodes/s00_w_node/inst/s_sc_areset_pipe                                                   |                1 |              1 |         1.00 |
|  la_system_i/clk_wiz_0/inst/clk_out1 |                                                                                                                                                                           | la_system_i/smartconnect_0/inst/s00_nodes/s00_r_node/inst/s_sc_areset_pipe                                                   |                1 |              1 |         1.00 |
|  la_system_i/clk_wiz_0/inst/clk_out1 |                                                                                                                                                                           | la_system_i/smartconnect_0/inst/s00_nodes/s00_b_node/inst/s_sc_areset_pipe                                                   |                1 |              1 |         1.00 |
|  la_system_i/clk_wiz_0/inst/clk_out1 |                                                                                                                                                                           | la_system_i/smartconnect_0/inst/s00_nodes/s00_aw_node/inst/s_sc_areset_pipe                                                  |                1 |              1 |         1.00 |
|  la_system_i/clk_wiz_0/inst/clk_out1 |                                                                                                                                                                           | la_system_i/smartconnect_0/inst/s00_entry_pipeline/s00_si_converter/inst/xpm_cdc_async_rst_inst/reset_pol                    |                1 |              3 |         3.00 |
|  la_system_i/clk_wiz_0/inst/clk_out1 |                                                                                                                                                                           | la_system_i/smartconnect_0/inst/s00_nodes/s00_w_node/inst/s_sc_xpm_cdc_async_rst_inst/reset_pol                              |                1 |              3 |         3.00 |
|  la_system_i/clk_wiz_0/inst/clk_out1 |                                                                                                                                                                           | la_system_i/smartconnect_0/inst/s00_nodes/s00_r_node/inst/s_sc_xpm_cdc_async_rst_inst/reset_pol                              |                1 |              3 |         3.00 |
|  la_system_i/clk_wiz_0/inst/clk_out1 |                                                                                                                                                                           | la_system_i/smartconnect_0/inst/s00_nodes/s00_b_node/inst/s_sc_xpm_cdc_async_rst_inst/reset_pol                              |                1 |              3 |         3.00 |
|  la_system_i/clk_wiz_0/inst/clk_out1 |                                                                                                                                                                           | la_system_i/smartconnect_0/inst/s00_nodes/s00_aw_node/inst/s_sc_xpm_cdc_async_rst_inst/reset_pol                             |                1 |              3 |         3.00 |
|  la_system_i/clk_wiz_0/inst/clk_out1 |                                                                                                                                                                           | la_system_i/smartconnect_0/inst/s00_nodes/s00_ar_node/inst/s_sc_xpm_cdc_async_rst_inst/reset_pol                             |                1 |              3 |         3.00 |
|  la_system_i/clk_wiz_0/inst/clk_out1 |                                                                                                                                                                           | la_system_i/smartconnect_0/inst/s00_entry_pipeline/s00_transaction_regulator/inst/xpm_cdc_async_rst_inst/reset_pol           |                1 |              3 |         3.00 |
|  la_system_i/clk_wiz_0/inst/clk_out1 |                                                                                                                                                                           | la_system_i/smartconnect_0/inst/s00_entry_pipeline/s00_mmu/inst/xpm_cdc_async_rst_inst/reset_pol                             |                1 |              3 |         3.00 |
|  la_system_i/clk_wiz_0/inst/clk_out1 |                                                                                                                                                                           | la_system_i/smartconnect_0/inst/m00_exit_pipeline/m00_exit/inst/xpm_cdc_async_rst_inst/reset_pol                             |                1 |              3 |         3.00 |
|  la_system_i/clk_wiz_0/inst/clk_out1 |                                                                                                                                                                           | la_system_i/smartconnect_0/inst/clk_map/psr_aclk/U0/EXT_LPF/lpf_int                                                          |                2 |              4 |         2.00 |
|  la_system_i/clk_wiz_0/inst/clk_out1 |                                                                                                                                                                           | la_system_i/rst_ps7_0_200M/U0/EXT_LPF/lpf_int                                                                                |                3 |              5 |         1.67 |
|  la_system_i/clk_wiz_0/inst/clk_out1 | la_system_i/rst_ps7_0_200M/U0/SEQ/seq_cnt_en                                                                                                                              | la_system_i/rst_ps7_0_200M/U0/SEQ/SEQ_COUNTER/clear                                                                          |                1 |              6 |         6.00 |
|  la_system_i/clk_wiz_0/inst/clk_out1 | la_system_i/logic_analyzer_top_0/inst/u_axi/cfg_trig_ch[3]_i_1_n_0                                                                                                        | la_system_i/logic_analyzer_top_0/inst/u_axi/p_0_in                                                                           |                3 |              6 |         2.00 |
|  la_system_i/clk_wiz_0/inst/clk_out1 | la_system_i/smartconnect_0/inst/clk_map/psr_aclk/U0/SEQ/seq_cnt_en                                                                                                        | la_system_i/smartconnect_0/inst/clk_map/psr_aclk/U0/SEQ/SEQ_COUNTER/clear                                                    |                1 |              6 |         6.00 |
|  la_system_i/clk_wiz_0/inst/clk_out1 | la_system_i/smartconnect_0/inst/s00_entry_pipeline/s00_si_converter/inst/gen_axilite_conv.axilite_conv_inst/ar_addr_d[7]_i_1_n_0                                          | la_system_i/smartconnect_0/inst/s00_entry_pipeline/s00_si_converter/inst/areset                                              |                2 |              8 |         4.00 |
|  la_system_i/clk_wiz_0/inst/clk_out1 | la_system_i/smartconnect_0/inst/s00_nodes/s00_ar_node/inst/inst_mi_handler/gen_normal_area.inst_fifo_node_payld/gen_reg_fifo.inst_reg_fifo/gen_single_rank.inst_cntr/E[0] |                                                                                                                              |                1 |              8 |         8.00 |
|  la_system_i/clk_wiz_0/inst/clk_out1 | la_system_i/smartconnect_0/inst/s00_nodes/s00_aw_node/inst/inst_mi_handler/gen_normal_area.inst_fifo_node_payld/gen_reg_fifo.inst_reg_fifo/gen_single_rank.inst_cntr/E[0] |                                                                                                                              |                1 |              8 |         8.00 |
|  la_system_i/clk_wiz_0/inst/clk_out1 | la_system_i/logic_analyzer_top_0/inst/u_axi/S_AXI_ARREADY0                                                                                                                | la_system_i/logic_analyzer_top_0/inst/u_axi/p_0_in                                                                           |                3 |              8 |         2.67 |
|  la_system_i/clk_wiz_0/inst/clk_out1 | la_system_i/logic_analyzer_top_0/inst/u_axi/S_AXI_AWREADY0                                                                                                                | la_system_i/logic_analyzer_top_0/inst/u_axi/p_0_in                                                                           |                2 |              8 |         4.00 |
|  la_system_i/clk_wiz_0/inst/clk_out1 | la_system_i/smartconnect_0/inst/s00_entry_pipeline/s00_mmu/inst/gen_endpoint.decerr_slave_inst/gen_axi.gen_read.read_cnt[7]_i_1_n_0                                       | la_system_i/smartconnect_0/inst/s00_entry_pipeline/s00_mmu/inst/areset                                                       |                2 |              8 |         4.00 |
|  la_system_i/clk_wiz_0/inst/clk_out1 | la_system_i/smartconnect_0/inst/s00_entry_pipeline/s00_si_converter/inst/gen_axilite_conv.axilite_conv_inst/aw_addr[7]_i_1_n_0                                            | la_system_i/smartconnect_0/inst/s00_entry_pipeline/s00_si_converter/inst/areset                                              |                2 |              8 |         4.00 |
|  la_system_i/clk_wiz_0/inst/clk_out1 | la_system_i/smartconnect_0/inst/s00_entry_pipeline/s00_si_converter/inst/gen_axilite_conv.axilite_conv_inst/r_beats[7]_i_1_n_0                                            | la_system_i/smartconnect_0/inst/s00_entry_pipeline/s00_si_converter/inst/areset                                              |                3 |              8 |         2.67 |
|  la_system_i/clk_wiz_0/inst/clk_out1 | la_system_i/logic_analyzer_top_0/inst/u_axi/cfg_clk_div[7]_i_1_n_0                                                                                                        | la_system_i/logic_analyzer_top_0/inst/u_axi/p_0_in                                                                           |                3 |              8 |         2.67 |
|  la_system_i/clk_wiz_0/inst/clk_out1 | la_system_i/smartconnect_0/inst/s00_entry_pipeline/s00_si_converter/inst/gen_axilite_conv.axilite_conv_inst/ar_cnt[8]_i_1_n_0                                             | la_system_i/smartconnect_0/inst/s00_entry_pipeline/s00_si_converter/inst/areset                                              |                4 |              9 |         2.25 |
|  la_system_i/clk_wiz_0/inst/clk_out1 | la_system_i/smartconnect_0/inst/s00_entry_pipeline/s00_si_converter/inst/gen_axilite_conv.axilite_conv_inst/w_cnt[8]_i_1_n_0                                              | la_system_i/smartconnect_0/inst/s00_entry_pipeline/s00_si_converter/inst/areset                                              |                3 |              9 |         3.00 |
|  la_system_i/clk_wiz_0/inst/clk_out1 | la_system_i/smartconnect_0/inst/s00_entry_pipeline/s00_si_converter/inst/gen_axilite_conv.axilite_conv_inst/m_aruser                                                      | la_system_i/smartconnect_0/inst/s00_entry_pipeline/s00_si_converter/inst/areset                                              |                3 |              9 |         3.00 |
|  la_system_i/clk_wiz_0/inst/clk_out1 | la_system_i/smartconnect_0/inst/s00_entry_pipeline/s00_si_converter/inst/gen_axilite_conv.axilite_conv_inst/b_cnt                                                         | la_system_i/smartconnect_0/inst/s00_entry_pipeline/s00_si_converter/inst/gen_axilite_conv.axilite_conv_inst/b_cnt[8]_i_1_n_0 |                2 |              9 |         4.50 |
|  la_system_i/clk_wiz_0/inst/clk_out1 | la_system_i/smartconnect_0/inst/s00_entry_pipeline/s00_transaction_regulator/inst/gen_endpoint.gen_w_singleorder.w_singleorder/gen_id_reg.s_rid_i0                        |                                                                                                                              |                3 |             12 |         4.00 |
|  la_system_i/clk_wiz_0/inst/clk_out1 | la_system_i/smartconnect_0/inst/s00_entry_pipeline/s00_mmu/inst/gen_endpoint.decerr_slave_inst/gen_axi.gen_write.s_axi_bid_i[11]_i_1_n_0                                  | la_system_i/smartconnect_0/inst/s00_entry_pipeline/s00_mmu/inst/areset                                                       |                2 |             12 |         6.00 |
|  la_system_i/clk_wiz_0/inst/clk_out1 | la_system_i/smartconnect_0/inst/s00_entry_pipeline/s00_mmu/inst/gen_endpoint.decerr_slave_inst/gen_axi.gen_read.s_axi_rid_i[11]_i_1_n_0                                   | la_system_i/smartconnect_0/inst/s00_entry_pipeline/s00_mmu/inst/areset                                                       |                3 |             12 |         4.00 |
|  la_system_i/clk_wiz_0/inst/clk_out1 | la_system_i/smartconnect_0/inst/s00_entry_pipeline/s00_transaction_regulator/inst/gen_endpoint.gen_r_singleorder.r_singleorder/gen_id_reg.s_rid_i0                        |                                                                                                                              |                2 |             12 |         6.00 |
|  la_system_i/clk_wiz_0/inst/clk_out1 | la_system_i/smartconnect_0/inst/s00_nodes/s00_w_node/inst/inst_mi_handler/gen_normal_area.inst_fifo_node_payld/gen_reg_fifo.inst_reg_fifo/gen_single_rank.inst_cntr/E[0]  |                                                                                                                              |                4 |             16 |         4.00 |
|  la_system_i/clk_wiz_0/inst/clk_out1 | la_system_i/logic_analyzer_top_0/inst/u_axi/cfg_trig_pattern[15]_i_1_n_0                                                                                                  | la_system_i/logic_analyzer_top_0/inst/u_axi/p_0_in                                                                           |                6 |             16 |         2.67 |
|  la_system_i/clk_wiz_0/inst/clk_out1 | la_system_i/logic_analyzer_top_0/inst/u_clk_mgr/sample_clk_en                                                                                                             |                                                                                                                              |                9 |             16 |         1.78 |
|  la_system_i/clk_wiz_0/inst/clk_out1 | la_system_i/logic_analyzer_top_0/inst/u_cap/write_ptr[15]_i_1_n_0                                                                                                         | la_system_i/logic_analyzer_top_0/inst/u_axi/p_0_in                                                                           |                3 |             16 |         5.33 |
|  la_system_i/clk_wiz_0/inst/clk_out1 | la_system_i/logic_analyzer_top_0/inst/u_cap/post_count[15]_i_1_n_0                                                                                                        | la_system_i/logic_analyzer_top_0/inst/u_axi/p_0_in                                                                           |                3 |             16 |         5.33 |
|  la_system_i/clk_wiz_0/inst/clk_out1 | la_system_i/logic_analyzer_top_0/inst/u_cap/trig_addr_out[15]_i_1_n_0                                                                                                     | la_system_i/logic_analyzer_top_0/inst/u_axi/p_0_in                                                                           |                6 |             16 |         2.67 |
|  la_system_i/clk_wiz_0/inst/clk_out1 | la_system_i/logic_analyzer_top_0/inst/u_axi/cfg_post_trig[15]_i_1_n_0                                                                                                     | la_system_i/logic_analyzer_top_0/inst/u_axi/p_0_in                                                                           |                5 |             16 |         3.20 |
|  la_system_i/clk_wiz_0/inst/clk_out1 | la_system_i/logic_analyzer_top_0/inst/u_axi/cfg_pre_trig[15]_i_1_n_0                                                                                                      | la_system_i/logic_analyzer_top_0/inst/u_axi/p_0_in                                                                           |                4 |             16 |         4.00 |
|  la_system_i/clk_wiz_0/inst/clk_out1 | la_system_i/logic_analyzer_top_0/inst/u_axi/cfg_trig_mask[15]_i_1_n_0                                                                                                     | la_system_i/logic_analyzer_top_0/inst/u_axi/p_0_in                                                                           |                6 |             16 |         2.67 |
|  la_system_i/clk_wiz_0/inst/clk_out1 | la_system_i/logic_analyzer_top_0/inst/u_axi/E[0]                                                                                                                          | la_system_i/logic_analyzer_top_0/inst/u_axi/p_0_in                                                                           |                4 |             16 |         4.00 |
|  la_system_i/clk_wiz_0/inst/clk_out1 | la_system_i/logic_analyzer_top_0/inst/u_axi/S_AXI_RVALID02_out__0                                                                                                         | la_system_i/logic_analyzer_top_0/inst/u_axi/p_0_in                                                                           |               12 |             17 |         1.42 |
|  la_system_i/clk_wiz_0/inst/clk_out1 | la_system_i/smartconnect_0/inst/s00_entry_pipeline/s00_mmu/inst/aw_reg_stall/m_vector_i                                                                                   |                                                                                                                              |                4 |             22 |         5.50 |
|  la_system_i/clk_wiz_0/inst/clk_out1 | la_system_i/smartconnect_0/inst/s00_entry_pipeline/s00_mmu/inst/aw_reg_stall/skid_buffer[1136]_i_1__0_n_0                                                                 |                                                                                                                              |                5 |             22 |         4.40 |
|  la_system_i/clk_wiz_0/inst/clk_out1 |                                                                                                                                                                           | la_system_i/smartconnect_0/inst/s00_entry_pipeline/s00_si_converter/inst/areset                                              |               13 |             22 |         1.69 |
|  la_system_i/clk_wiz_0/inst/clk_out1 |                                                                                                                                                                           | la_system_i/smartconnect_0/inst/s00_entry_pipeline/s00_mmu/inst/areset                                                       |               11 |             23 |         2.09 |
|  la_system_i/clk_wiz_0/inst/clk_out1 | la_system_i/smartconnect_0/inst/s00_entry_pipeline/s00_mmu/inst/ar_reg_stall/m_vector_i                                                                                   |                                                                                                                              |                6 |             26 |         4.33 |
|  la_system_i/clk_wiz_0/inst/clk_out1 | la_system_i/smartconnect_0/inst/s00_entry_pipeline/s00_mmu/inst/ar_reg_stall/skid_buffer[1136]_i_1_n_0                                                                    |                                                                                                                              |                4 |             26 |         6.50 |
|  la_system_i/clk_wiz_0/inst/clk_out1 | la_system_i/smartconnect_0/inst/s00_nodes/s00_r_node/inst/inst_mi_handler/gen_normal_area.inst_fifo_node_payld/gen_reg_fifo.inst_reg_fifo/gen_single_rank.inst_cntr/E[0]  |                                                                                                                              |                6 |             27 |         4.50 |
|  la_system_i/clk_wiz_0/inst/clk_out1 | la_system_i/smartconnect_0/inst/s00_entry_pipeline/s00_si_converter/inst/gen_axilite_conv.axilite_conv_inst/s_axi_rdata_i[31]_i_1_n_0                                     | la_system_i/smartconnect_0/inst/s00_entry_pipeline/s00_si_converter/inst/areset                                              |                8 |             27 |         3.38 |
|  la_system_i/clk_wiz_0/inst/clk_out1 | la_system_i/logic_analyzer_top_0/inst/u_cap/buf_wr_addr[15]_i_1_n_0                                                                                                       | la_system_i/logic_analyzer_top_0/inst/u_axi/p_0_in                                                                           |                9 |             32 |         3.56 |
|  la_system_i/clk_wiz_0/inst/clk_out1 | la_system_i/logic_analyzer_top_0/inst/u_axi/buf_rd_addr[15]_i_1_n_0                                                                                                       | la_system_i/logic_analyzer_top_0/inst/u_axi/p_0_in                                                                           |                6 |             32 |         5.33 |
|  la_system_i/clk_wiz_0/inst/clk_out1 |                                                                                                                                                                           | la_system_i/logic_analyzer_top_0/inst/u_axi/p_0_in                                                                           |               21 |             67 |         3.19 |
|  la_system_i/clk_wiz_0/inst/clk_out1 |                                                                                                                                                                           |                                                                                                                              |               35 |            118 |         3.37 |
+--------------------------------------+---------------------------------------------------------------------------------------------------------------------------------------------------------------------------+------------------------------------------------------------------------------------------------------------------------------+------------------+----------------+--------------+


