Copyright 1986-2022 Xilinx, Inc. All Rights Reserved. Copyright 2022-2024 Advanced Micro Devices, Inc. All Rights Reserved.
-------------------------------------------------------------------------------------------------------------------------------------------------------------------------
| Tool Version     : Vivado v.2024.2 (lin64) Build 5239630 Fri Nov 08 22:34:34 MST 2024
| Date             : Sat Jul 18 22:50:03 2026
| Host             : binh running 64-bit Ubuntu 22.04.5 LTS
| Command          : report_power -file la_system_wrapper_power_routed.rpt -pb la_system_wrapper_power_summary_routed.pb -rpx la_system_wrapper_power_routed.rpx
| Design           : la_system_wrapper
| Device           : xc7z020clg484-1
| Design State     : routed
| Grade            : commercial
| Process          : typical
| Characterization : Production
-------------------------------------------------------------------------------------------------------------------------------------------------------------------------

Power Report

Table of Contents
-----------------
1. Summary
1.1 On-Chip Components
1.2 Power Supply Summary
1.3 Confidence Level
2. Settings
2.1 Environment
2.2 Clock Constraints
3. Detailed Reports
3.1 By Hierarchy

1. Summary
----------

+--------------------------+--------------+
| Total On-Chip Power (W)  | 1.908        |
| Design Power Budget (W)  | Unspecified* |
| Power Budget Margin (W)  | NA           |
| Dynamic (W)              | 1.756        |
| Device Static (W)        | 0.152        |
| Effective TJA (C/W)      | 11.5         |
| Max Ambient (C)          | 63.0         |
| Junction Temperature (C) | 47.0         |
| Confidence Level         | Low          |
| Setting File             | ---          |
| Simulation Activity File | ---          |
| Design Nets Matched      | NA           |
+--------------------------+--------------+
* Specify Design Power Budget using, set_operating_conditions -design_power_budget <value in Watts>


1.1 On-Chip Components
----------------------

+-------------------------+-----------+----------+-----------+-----------------+
| On-Chip                 | Power (W) | Used     | Available | Utilization (%) |
+-------------------------+-----------+----------+-----------+-----------------+
| Clocks                  |     0.007 |        6 |       --- |             --- |
| Slice Logic             |     0.002 |     1880 |       --- |             --- |
|   LUT as Logic          |     0.002 |      580 |     53200 |            1.09 |
|   Register              |    <0.001 |      834 |    106400 |            0.78 |
|   CARRY4                |    <0.001 |       23 |     13300 |            0.17 |
|   Others                |     0.000 |      241 |       --- |             --- |
|   LUT as Shift Register |     0.000 |        2 |     17400 |            0.01 |
| Signals                 |     0.002 |     1481 |       --- |             --- |
| Block RAM               |     0.072 |       32 |       140 |           22.86 |
| MMCM                    |     0.106 |        1 |         4 |           25.00 |
| I/O                     |    <0.001 |       19 |       200 |            9.50 |
| PS7                     |     1.565 |        1 |       --- |             --- |
| Static Power            |     0.152 |          |           |                 |
| Total                   |     1.908 |          |           |                 |
+-------------------------+-----------+----------+-----------+-----------------+


1.2 Power Supply Summary
------------------------

+-----------+-------------+-----------+-------------+------------+-------------+-------------+------------+
| Source    | Voltage (V) | Total (A) | Dynamic (A) | Static (A) | Powerup (A) | Budget (A)  | Margin (A) |
+-----------+-------------+-----------+-------------+------------+-------------+-------------+------------+
| Vccint    |       1.000 |     0.096 |       0.078 |      0.018 |       NA    | Unspecified | NA         |
| Vccaux    |       1.800 |     0.075 |       0.059 |      0.016 |       NA    | Unspecified | NA         |
| Vcco33    |       3.300 |     0.000 |       0.000 |      0.000 |       NA    | Unspecified | NA         |
| Vcco25    |       2.500 |     0.001 |       0.000 |      0.001 |       NA    | Unspecified | NA         |
| Vcco18    |       1.800 |     0.000 |       0.000 |      0.000 |       NA    | Unspecified | NA         |
| Vcco15    |       1.500 |     0.000 |       0.000 |      0.000 |       NA    | Unspecified | NA         |
| Vcco135   |       1.350 |     0.000 |       0.000 |      0.000 |       NA    | Unspecified | NA         |
| Vcco12    |       1.200 |     0.000 |       0.000 |      0.000 |       NA    | Unspecified | NA         |
| Vccaux_io |       1.800 |     0.000 |       0.000 |      0.000 |       NA    | Unspecified | NA         |
| Vccbram   |       1.000 |     0.010 |       0.006 |      0.003 |       NA    | Unspecified | NA         |
| MGTAVcc   |       1.000 |     0.000 |       0.000 |      0.000 |       NA    | Unspecified | NA         |
| MGTAVtt   |       1.200 |     0.000 |       0.000 |      0.000 |       NA    | Unspecified | NA         |
| MGTVccaux |       1.800 |     0.000 |       0.000 |      0.000 |       NA    | Unspecified | NA         |
| Vccpint   |       1.000 |     0.751 |       0.718 |      0.033 |       NA    | Unspecified | NA         |
| Vccpaux   |       1.800 |     0.084 |       0.074 |      0.010 |       NA    | Unspecified | NA         |
| Vccpll    |       1.800 |     0.017 |       0.014 |      0.003 |       NA    | Unspecified | NA         |
| Vcco_ddr  |       1.500 |     0.459 |       0.457 |      0.002 |       NA    | Unspecified | NA         |
| Vcco_mio0 |       1.800 |     0.003 |       0.002 |      0.001 |       NA    | Unspecified | NA         |
| Vcco_mio1 |       1.800 |     0.002 |       0.001 |      0.001 |       NA    | Unspecified | NA         |
| Vccadc    |       1.800 |     0.020 |       0.000 |      0.020 |       NA    | Unspecified | NA         |
+-----------+-------------+-----------+-------------+------------+-------------+-------------+------------+


1.3 Confidence Level
--------------------

+-----------------------------+------------+--------------------------------------------------------+------------------------------------------------------------------------------------------------------------+
| User Input Data             | Confidence | Details                                                | Action                                                                                                     |
+-----------------------------+------------+--------------------------------------------------------+------------------------------------------------------------------------------------------------------------+
| Design implementation state | High       | Design is routed                                       |                                                                                                            |
| Clock nodes activity        | High       | User specified more than 95% of clocks                 |                                                                                                            |
| I/O nodes activity          | Low        | More than 75% of inputs are missing user specification | Provide missing input activity with simulation results or by editing the "By Resource Type -> I/Os" view   |
| Internal nodes activity     | Medium     | User specified less than 25% of internal nodes         | Provide missing internal nodes activity with simulation results or by editing the "By Resource Type" views |
| Device models               | High       | Device models are Production                           |                                                                                                            |
|                             |            |                                                        |                                                                                                            |
| Overall confidence level    | Low        |                                                        |                                                                                                            |
+-----------------------------+------------+--------------------------------------------------------+------------------------------------------------------------------------------------------------------------+


2. Settings
-----------

2.1 Environment
---------------

+-----------------------+------------------------+
| Ambient Temp (C)      | 25.0                   |
| ThetaJA (C/W)         | 11.5                   |
| Airflow (LFM)         | 250                    |
| Heat Sink             | none                   |
| ThetaSA (C/W)         | 0.0                    |
| Board Selection       | medium (10"x10")       |
| # of Board Layers     | 8to11 (8 to 11 Layers) |
| Board Temperature (C) | 25.0                   |
+-----------------------+------------------------+


2.2 Clock Constraints
---------------------

+--------------------------------+--------------------------------------------------------------+-----------------+
| Clock                          | Domain                                                       | Constraint (ns) |
+--------------------------------+--------------------------------------------------------------+-----------------+
| clk_fpga_0                     | la_system_i/processing_system7_0/inst/FCLK_CLK0              |            10.0 |
| clk_fpga_0                     | la_system_i/processing_system7_0/inst/FCLK_CLK_unbuffered[0] |            10.0 |
| clk_out1_la_system_clk_wiz_0_1 | la_system_i/clk_wiz_0/inst/clk_out1_la_system_clk_wiz_0_1    |             8.0 |
| clkfbout_la_system_clk_wiz_0_1 | la_system_i/clk_wiz_0/inst/clkfbout_la_system_clk_wiz_0_1    |            10.0 |
+--------------------------------+--------------------------------------------------------------+-----------------+


3. Detailed Reports
-------------------

3.1 By Hierarchy
----------------

+--------------------------+-----------+
| Name                     | Power (W) |
+--------------------------+-----------+
| la_system_wrapper        |     1.756 |
|   la_system_i            |     1.755 |
|     clk_wiz_0            |     0.107 |
|       inst               |     0.107 |
|     logic_analyzer_top_0 |     0.075 |
|       inst               |     0.075 |
|     processing_system7_0 |     1.566 |
|       inst               |     1.566 |
|     smartconnect_0       |     0.007 |
|       inst               |     0.007 |
+--------------------------+-----------+


