Copyright 1986-2022 Xilinx, Inc. All Rights Reserved. Copyright 2022-2024 Advanced Micro Devices, Inc. All Rights Reserved.
---------------------------------------------------------------------------------------------------------------------------------------------
| Tool Version : Vivado v.2024.2 (lin64) Build 5239630 Fri Nov 08 22:34:34 MST 2024
| Date         : Sat Jul 18 22:50:00 2026
| Host         : binh running 64-bit Ubuntu 22.04.5 LTS
| Command      : report_drc -file la_system_wrapper_drc_routed.rpt -pb la_system_wrapper_drc_routed.pb -rpx la_system_wrapper_drc_routed.rpx
| Design       : la_system_wrapper
| Device       : xc7z020clg484-1
| Speed File   : -1
| Design State : Fully Routed
---------------------------------------------------------------------------------------------------------------------------------------------

Report DRC

Table of Contents
-----------------
1. REPORT SUMMARY
2. REPORT DETAILS

1. REPORT SUMMARY
-----------------
            Netlist: netlist
          Floorplan: design_1
      Design limits: <entire design considered>
           Ruledeck: default
             Max checks: <unlimited>
             Checks found: 23
+-----------+----------+----------------------------+--------+
| Rule      | Severity | Description                | Checks |
+-----------+----------+----------------------------+--------+
| CHECK-3   | Warning  | Report rule limit reached  | 1      |
| PDRC-138  | Warning  | SLICE_PairEqSame_D6D5_WARN | 1      |
| PDRC-146  | Warning  | SLICE_PairEqSame_D6D5_WARN | 1      |
| REQP-1839 | Warning  | RAMB36 async control check | 20     |
+-----------+----------+----------------------------+--------+

2. REPORT DETAILS
-----------------
CHECK-3#1 Warning
Report rule limit reached  
REQP-1839 rule limit reached: 20 violations have been found.
Related violations: <none>

PDRC-138#1 Warning
SLICE_PairEqSame_D6D5_WARN  
Luts D6LUT and D5LUT in use in site SLICE_X37Y96 with different equations without A6 pin connected to Global Logic High.
Related violations: <none>

PDRC-146#1 Warning
SLICE_PairEqSame_D6D5_WARN  
Luts D6LUT and D5LUT in use in site SLICE_X38Y96 with different equations without A6 pin connected to Global Logic High.
Related violations: <none>

REQP-1839#1 Warning
RAMB36 async control check  
The RAMB36E1 la_system_i/logic_analyzer_top_0/inst/u_buf/mem_reg_0_0 has an input control pin la_system_i/logic_analyzer_top_0/inst/u_buf/mem_reg_0_0/ADDRARDADDR[0] (net: la_system_i/logic_analyzer_top_0/inst/u_buf/Q[0]) which is driven by a register (la_system_i/logic_analyzer_top_0/inst/u_cap/buf_wr_addr_reg[0]) that has an active asychronous set or reset. This may cause corruption of the memory contents and/or read values when the set/reset is asserted and is not analyzed by the default static timing analysis. It is suggested to eliminate the use of a set/reset to registers driving this RAMB pin or else use a synchronous reset in which the assertion of the reset is timed by default.
Related violations: <none>

REQP-1839#2 Warning
RAMB36 async control check  
The RAMB36E1 la_system_i/logic_analyzer_top_0/inst/u_buf/mem_reg_0_0 has an input control pin la_system_i/logic_analyzer_top_0/inst/u_buf/mem_reg_0_0/ADDRARDADDR[10] (net: la_system_i/logic_analyzer_top_0/inst/u_buf/Q[10]) which is driven by a register (la_system_i/logic_analyzer_top_0/inst/u_cap/buf_wr_addr_reg[10]) that has an active asychronous set or reset. This may cause corruption of the memory contents and/or read values when the set/reset is asserted and is not analyzed by the default static timing analysis. It is suggested to eliminate the use of a set/reset to registers driving this RAMB pin or else use a synchronous reset in which the assertion of the reset is timed by default.
Related violations: <none>

REQP-1839#3 Warning
RAMB36 async control check  
The RAMB36E1 la_system_i/logic_analyzer_top_0/inst/u_buf/mem_reg_0_0 has an input control pin la_system_i/logic_analyzer_top_0/inst/u_buf/mem_reg_0_0/ADDRARDADDR[11] (net: la_system_i/logic_analyzer_top_0/inst/u_buf/Q[11]) which is driven by a register (la_system_i/logic_analyzer_top_0/inst/u_cap/buf_wr_addr_reg[11]) that has an active asychronous set or reset. This may cause corruption of the memory contents and/or read values when the set/reset is asserted and is not analyzed by the default static timing analysis. It is suggested to eliminate the use of a set/reset to registers driving this RAMB pin or else use a synchronous reset in which the assertion of the reset is timed by default.
Related violations: <none>

REQP-1839#4 Warning
RAMB36 async control check  
The RAMB36E1 la_system_i/logic_analyzer_top_0/inst/u_buf/mem_reg_0_0 has an input control pin la_system_i/logic_analyzer_top_0/inst/u_buf/mem_reg_0_0/ADDRARDADDR[12] (net: la_system_i/logic_analyzer_top_0/inst/u_buf/Q[12]) which is driven by a register (la_system_i/logic_analyzer_top_0/inst/u_cap/buf_wr_addr_reg[12]) that has an active asychronous set or reset. This may cause corruption of the memory contents and/or read values when the set/reset is asserted and is not analyzed by the default static timing analysis. It is suggested to eliminate the use of a set/reset to registers driving this RAMB pin or else use a synchronous reset in which the assertion of the reset is timed by default.
Related violations: <none>

REQP-1839#5 Warning
RAMB36 async control check  
The RAMB36E1 la_system_i/logic_analyzer_top_0/inst/u_buf/mem_reg_0_0 has an input control pin la_system_i/logic_analyzer_top_0/inst/u_buf/mem_reg_0_0/ADDRARDADDR[13] (net: la_system_i/logic_analyzer_top_0/inst/u_buf/Q[13]) which is driven by a register (la_system_i/logic_analyzer_top_0/inst/u_cap/buf_wr_addr_reg[13]) that has an active asychronous set or reset. This may cause corruption of the memory contents and/or read values when the set/reset is asserted and is not analyzed by the default static timing analysis. It is suggested to eliminate the use of a set/reset to registers driving this RAMB pin or else use a synchronous reset in which the assertion of the reset is timed by default.
Related violations: <none>

REQP-1839#6 Warning
RAMB36 async control check  
The RAMB36E1 la_system_i/logic_analyzer_top_0/inst/u_buf/mem_reg_0_0 has an input control pin la_system_i/logic_analyzer_top_0/inst/u_buf/mem_reg_0_0/ADDRARDADDR[14] (net: la_system_i/logic_analyzer_top_0/inst/u_buf/Q[14]) which is driven by a register (la_system_i/logic_analyzer_top_0/inst/u_cap/buf_wr_addr_reg[14]) that has an active asychronous set or reset. This may cause corruption of the memory contents and/or read values when the set/reset is asserted and is not analyzed by the default static timing analysis. It is suggested to eliminate the use of a set/reset to registers driving this RAMB pin or else use a synchronous reset in which the assertion of the reset is timed by default.
Related violations: <none>

REQP-1839#7 Warning
RAMB36 async control check  
The RAMB36E1 la_system_i/logic_analyzer_top_0/inst/u_buf/mem_reg_0_0 has an input control pin la_system_i/logic_analyzer_top_0/inst/u_buf/mem_reg_0_0/ADDRARDADDR[15] (net: la_system_i/logic_analyzer_top_0/inst/u_buf/Q[15]) which is driven by a register (la_system_i/logic_analyzer_top_0/inst/u_cap/buf_wr_addr_reg[15]) that has an active asychronous set or reset. This may cause corruption of the memory contents and/or read values when the set/reset is asserted and is not analyzed by the default static timing analysis. It is suggested to eliminate the use of a set/reset to registers driving this RAMB pin or else use a synchronous reset in which the assertion of the reset is timed by default.
Related violations: <none>

REQP-1839#8 Warning
RAMB36 async control check  
The RAMB36E1 la_system_i/logic_analyzer_top_0/inst/u_buf/mem_reg_0_0 has an input control pin la_system_i/logic_analyzer_top_0/inst/u_buf/mem_reg_0_0/ADDRARDADDR[1] (net: la_system_i/logic_analyzer_top_0/inst/u_buf/Q[1]) which is driven by a register (la_system_i/logic_analyzer_top_0/inst/u_cap/buf_wr_addr_reg[1]) that has an active asychronous set or reset. This may cause corruption of the memory contents and/or read values when the set/reset is asserted and is not analyzed by the default static timing analysis. It is suggested to eliminate the use of a set/reset to registers driving this RAMB pin or else use a synchronous reset in which the assertion of the reset is timed by default.
Related violations: <none>

REQP-1839#9 Warning
RAMB36 async control check  
The RAMB36E1 la_system_i/logic_analyzer_top_0/inst/u_buf/mem_reg_0_0 has an input control pin la_system_i/logic_analyzer_top_0/inst/u_buf/mem_reg_0_0/ADDRARDADDR[2] (net: la_system_i/logic_analyzer_top_0/inst/u_buf/Q[2]) which is driven by a register (la_system_i/logic_analyzer_top_0/inst/u_cap/buf_wr_addr_reg[2]) that has an active asychronous set or reset. This may cause corruption of the memory contents and/or read values when the set/reset is asserted and is not analyzed by the default static timing analysis. It is suggested to eliminate the use of a set/reset to registers driving this RAMB pin or else use a synchronous reset in which the assertion of the reset is timed by default.
Related violations: <none>

REQP-1839#10 Warning
RAMB36 async control check  
The RAMB36E1 la_system_i/logic_analyzer_top_0/inst/u_buf/mem_reg_0_0 has an input control pin la_system_i/logic_analyzer_top_0/inst/u_buf/mem_reg_0_0/ADDRARDADDR[3] (net: la_system_i/logic_analyzer_top_0/inst/u_buf/Q[3]) which is driven by a register (la_system_i/logic_analyzer_top_0/inst/u_cap/buf_wr_addr_reg[3]) that has an active asychronous set or reset. This may cause corruption of the memory contents and/or read values when the set/reset is asserted and is not analyzed by the default static timing analysis. It is suggested to eliminate the use of a set/reset to registers driving this RAMB pin or else use a synchronous reset in which the assertion of the reset is timed by default.
Related violations: <none>

REQP-1839#11 Warning
RAMB36 async control check  
The RAMB36E1 la_system_i/logic_analyzer_top_0/inst/u_buf/mem_reg_0_0 has an input control pin la_system_i/logic_analyzer_top_0/inst/u_buf/mem_reg_0_0/ADDRARDADDR[4] (net: la_system_i/logic_analyzer_top_0/inst/u_buf/Q[4]) which is driven by a register (la_system_i/logic_analyzer_top_0/inst/u_cap/buf_wr_addr_reg[4]) that has an active asychronous set or reset. This may cause corruption of the memory contents and/or read values when the set/reset is asserted and is not analyzed by the default static timing analysis. It is suggested to eliminate the use of a set/reset to registers driving this RAMB pin or else use a synchronous reset in which the assertion of the reset is timed by default.
Related violations: <none>

REQP-1839#12 Warning
RAMB36 async control check  
The RAMB36E1 la_system_i/logic_analyzer_top_0/inst/u_buf/mem_reg_0_0 has an input control pin la_system_i/logic_analyzer_top_0/inst/u_buf/mem_reg_0_0/ADDRARDADDR[5] (net: la_system_i/logic_analyzer_top_0/inst/u_buf/Q[5]) which is driven by a register (la_system_i/logic_analyzer_top_0/inst/u_cap/buf_wr_addr_reg[5]) that has an active asychronous set or reset. This may cause corruption of the memory contents and/or read values when the set/reset is asserted and is not analyzed by the default static timing analysis. It is suggested to eliminate the use of a set/reset to registers driving this RAMB pin or else use a synchronous reset in which the assertion of the reset is timed by default.
Related violations: <none>

REQP-1839#13 Warning
RAMB36 async control check  
The RAMB36E1 la_system_i/logic_analyzer_top_0/inst/u_buf/mem_reg_0_0 has an input control pin la_system_i/logic_analyzer_top_0/inst/u_buf/mem_reg_0_0/ADDRARDADDR[6] (net: la_system_i/logic_analyzer_top_0/inst/u_buf/Q[6]) which is driven by a register (la_system_i/logic_analyzer_top_0/inst/u_cap/buf_wr_addr_reg[6]) that has an active asychronous set or reset. This may cause corruption of the memory contents and/or read values when the set/reset is asserted and is not analyzed by the default static timing analysis. It is suggested to eliminate the use of a set/reset to registers driving this RAMB pin or else use a synchronous reset in which the assertion of the reset is timed by default.
Related violations: <none>

REQP-1839#14 Warning
RAMB36 async control check  
The RAMB36E1 la_system_i/logic_analyzer_top_0/inst/u_buf/mem_reg_0_0 has an input control pin la_system_i/logic_analyzer_top_0/inst/u_buf/mem_reg_0_0/ADDRARDADDR[7] (net: la_system_i/logic_analyzer_top_0/inst/u_buf/Q[7]) which is driven by a register (la_system_i/logic_analyzer_top_0/inst/u_cap/buf_wr_addr_reg[7]) that has an active asychronous set or reset. This may cause corruption of the memory contents and/or read values when the set/reset is asserted and is not analyzed by the default static timing analysis. It is suggested to eliminate the use of a set/reset to registers driving this RAMB pin or else use a synchronous reset in which the assertion of the reset is timed by default.
Related violations: <none>

REQP-1839#15 Warning
RAMB36 async control check  
The RAMB36E1 la_system_i/logic_analyzer_top_0/inst/u_buf/mem_reg_0_0 has an input control pin la_system_i/logic_analyzer_top_0/inst/u_buf/mem_reg_0_0/ADDRARDADDR[8] (net: la_system_i/logic_analyzer_top_0/inst/u_buf/Q[8]) which is driven by a register (la_system_i/logic_analyzer_top_0/inst/u_cap/buf_wr_addr_reg[8]) that has an active asychronous set or reset. This may cause corruption of the memory contents and/or read values when the set/reset is asserted and is not analyzed by the default static timing analysis. It is suggested to eliminate the use of a set/reset to registers driving this RAMB pin or else use a synchronous reset in which the assertion of the reset is timed by default.
Related violations: <none>

REQP-1839#16 Warning
RAMB36 async control check  
The RAMB36E1 la_system_i/logic_analyzer_top_0/inst/u_buf/mem_reg_0_0 has an input control pin la_system_i/logic_analyzer_top_0/inst/u_buf/mem_reg_0_0/ADDRARDADDR[9] (net: la_system_i/logic_analyzer_top_0/inst/u_buf/Q[9]) which is driven by a register (la_system_i/logic_analyzer_top_0/inst/u_cap/buf_wr_addr_reg[9]) that has an active asychronous set or reset. This may cause corruption of the memory contents and/or read values when the set/reset is asserted and is not analyzed by the default static timing analysis. It is suggested to eliminate the use of a set/reset to registers driving this RAMB pin or else use a synchronous reset in which the assertion of the reset is timed by default.
Related violations: <none>

REQP-1839#17 Warning
RAMB36 async control check  
The RAMB36E1 la_system_i/logic_analyzer_top_0/inst/u_buf/mem_reg_0_0 has an input control pin la_system_i/logic_analyzer_top_0/inst/u_buf/mem_reg_0_0/ENARDEN (net: la_system_i/logic_analyzer_top_0/inst/u_buf/mem_reg_0_0_ENARDEN_cooolgate_en_sig_13) which is driven by a register (la_system_i/logic_analyzer_top_0/inst/u_cap/buf_wr_addr_reg[15]) that has an active asychronous set or reset. This may cause corruption of the memory contents and/or read values when the set/reset is asserted and is not analyzed by the default static timing analysis. It is suggested to eliminate the use of a set/reset to registers driving this RAMB pin or else use a synchronous reset in which the assertion of the reset is timed by default.
Related violations: <none>

REQP-1839#18 Warning
RAMB36 async control check  
The RAMB36E1 la_system_i/logic_analyzer_top_0/inst/u_buf/mem_reg_0_0 has an input control pin la_system_i/logic_analyzer_top_0/inst/u_buf/mem_reg_0_0/ENARDEN (net: la_system_i/logic_analyzer_top_0/inst/u_buf/mem_reg_0_0_ENARDEN_cooolgate_en_sig_13) which is driven by a register (la_system_i/logic_analyzer_top_0/inst/u_cap/buf_wr_en_reg_rep) that has an active asychronous set or reset. This may cause corruption of the memory contents and/or read values when the set/reset is asserted and is not analyzed by the default static timing analysis. It is suggested to eliminate the use of a set/reset to registers driving this RAMB pin or else use a synchronous reset in which the assertion of the reset is timed by default.
Related violations: <none>

REQP-1839#19 Warning
RAMB36 async control check  
The RAMB36E1 la_system_i/logic_analyzer_top_0/inst/u_buf/mem_reg_0_0 has an input control pin la_system_i/logic_analyzer_top_0/inst/u_buf/mem_reg_0_0/WEA[0] (net: la_system_i/logic_analyzer_top_0/inst/u_buf/WEA[0]) which is driven by a register (la_system_i/logic_analyzer_top_0/inst/u_cap/buf_wr_en_reg_rep) that has an active asychronous set or reset. This may cause corruption of the memory contents and/or read values when the set/reset is asserted and is not analyzed by the default static timing analysis. It is suggested to eliminate the use of a set/reset to registers driving this RAMB pin or else use a synchronous reset in which the assertion of the reset is timed by default.
Related violations: <none>

REQP-1839#20 Warning
RAMB36 async control check  
The RAMB36E1 la_system_i/logic_analyzer_top_0/inst/u_buf/mem_reg_0_1 has an input control pin la_system_i/logic_analyzer_top_0/inst/u_buf/mem_reg_0_1/ADDRARDADDR[15] (net: la_system_i/logic_analyzer_top_0/inst/u_buf/Q[15]) which is driven by a register (la_system_i/logic_analyzer_top_0/inst/u_cap/buf_wr_addr_reg[15]) that has an active asychronous set or reset. This may cause corruption of the memory contents and/or read values when the set/reset is asserted and is not analyzed by the default static timing analysis. It is suggested to eliminate the use of a set/reset to registers driving this RAMB pin or else use a synchronous reset in which the assertion of the reset is timed by default.
Related violations: <none>


