#-----------------------------------------------------------
# Vivado v2024.2 (64-bit)
# SW Build 5239630 on Fri Nov 08 22:34:34 MST 2024
# IP Build 5239520 on Sun Nov 10 16:12:51 MST 2024
# SharedData Build 5239561 on Fri Nov 08 14:39:27 MST 2024
# Start of session at: Sat Jul 18 21:52:26 2026
# Process ID         : 88830
# Current directory  : /home/binh/BTL_HTN_GTN_final/PC_GUI
# Command line       : vivado
# Log file           : /home/binh/BTL_HTN_GTN_final/PC_GUI/vivado.log
# Journal file       : /home/binh/BTL_HTN_GTN_final/PC_GUI/vivado.jou
# Running On         : binh
# Platform           : Ubuntu
# Operating System   : Ubuntu 22.04.5 LTS
# Processor Detail   : 12th Gen Intel(R) Core(TM) i5-12500H
# CPU Frequency      : 2498.233 MHz
# CPU Physical cores : 12
# CPU Logical cores  : 16
# Host memory        : 16479 MB
# Swap memory        : 2147 MB
# Total Virtual      : 18627 MB
# Available Virtual  : 9861 MB
#-----------------------------------------------------------
start_gui
open_project /home/binh/BTL_HTN_GTN_final/la_bd_project/la_bd_project.xpr
Scanning sources...
Finished scanning sources
INFO: [IP_Flow 19-234] Refreshing IP repositories
INFO: [IP_Flow 19-1700] Loaded user IP repository '/home/binh/BTL_HTN_GTN_final'.
WARNING: [IP_Flow 19-3656] If you move the project, the path for repository '/home/binh/BTL_HTN_GTN_final' may become invalid. A better location for the repository would be in a path adjacent to the project. (Current project location is '/home/binh/BTL_HTN_GTN_final/la_bd_project'.)
INFO: [IP_Flow 19-2313] Loaded Vivado IP repository '/home/binh/Tools/Xilinx/Vivado/2024.2/data/ip'.
INFO: [Project 1-5579] Found utility IPs instantiated in one or more block designs which have equivalent inline hdl with improved performance and reduced diskspace. It is recommended to migrate these utility IPs to inline hdl using the command upgrade_project -migrate_to_inline_hdl. The utility IPs may be deprecated in future releases. More information on inline hdl is available in UG994.
update_compile_order -fileset sources_1
open_bd_design {/home/binh/BTL_HTN_GTN_final/la_bd_project/la_bd_project.srcs/sources_1/bd/la_system/la_system.bd}
Reading block design file </home/binh/BTL_HTN_GTN_final/la_bd_project/la_bd_project.srcs/sources_1/bd/la_system/la_system.bd>...
Adding component instance block -- xilinx.com:ip:processing_system7:5.5 - processing_system7_0
Adding component instance block -- user.org:user:logic_analyzer_top:1.0 - logic_analyzer_top_0
Adding component instance block -- xilinx.com:ip:proc_sys_reset:5.0 - rst_ps7_0_200M
Adding component instance block -- xilinx.com:ip:smartconnect:1.0 - smartconnect_0
Successfully read diagram <la_system> from block design file </home/binh/BTL_HTN_GTN_final/la_bd_project/la_bd_project.srcs/sources_1/bd/la_system/la_system.bd>
startgroup
create_bd_cell -type ip -vlnv xilinx.com:ip:clk_wiz:6.0 clk_wiz_0
INFO: [Device 21-403] Loading part xc7z020clg484-1
endgroup
WARNING: [IP_Flow 19-474] Invalid Parameter 'Component_Name'
delete_bd_objs [get_bd_cells clk_wiz_0]
startgroup
create_bd_cell -type ip -vlnv xilinx.com:ip:clk_wiz:6.0 clk_wiz_0
endgroup
set_property -dict [list \
  CONFIG.CLKOUT1_JITTER {125.247} \
  CONFIG.CLKOUT1_REQUESTED_OUT_FREQ {125} \
  CONFIG.MMCM_CLKOUT0_DIVIDE_F {8.000} \
] [get_bd_cells clk_wiz_0]
connect_bd_net [get_bd_pins processing_system7_0/FCLK_CLK0] [get_bd_pins clk_wiz_0/clk_in1]
connect_bd_net [get_bd_pins processing_system7_0/FCLK_RESET0_N] [get_bd_pins clk_wiz_0/reset]
delete_bd_objs [get_bd_nets processing_system7_0_FCLK_CLK0]
connect_bd_net [get_bd_pins clk_wiz_0/clk_out1] [get_bd_pins logic_analyzer_top_0/S_AXI_ACLK]
connect_bd_net [get_bd_pins clk_wiz_0/clk_out1] [get_bd_pins smartconnect_0/aclk]
connect_bd_net [get_bd_pins rst_ps7_0_200M/slowest_sync_clk] [get_bd_pins clk_wiz_0/clk_out1]
connect_bd_net [get_bd_pins processing_system7_0/M_AXI_GP0_ACLK] [get_bd_pins clk_wiz_0/clk_out1]
regenerate_bd_layout
connect_bd_net [get_bd_pins rst_ps7_0_200M/dcm_locked] [get_bd_pins clk_wiz_0/locked]
regenerate_bd_layout
disconnect_bd_net /rst_ps7_0_200M_peripheral_aresetn [get_bd_pins smartconnect_0/aresetn]
apply_bd_automation -rule xilinx.com:bd_rule:board -config { Clk {/processing_system7_0/FCLK_CLK0 (100 MHz)} Manual_Source {Auto}}  [get_bd_pins clk_wiz_0/clk_in1]
regenerate_bd_layout
connect_bd_net [get_bd_pins rst_ps7_0_200M/interconnect_aresetn] [get_bd_pins smartconnect_0/aresetn]
regenerate_bd_layout
startgroup
endgroup
generate_target all [get_files  /home/binh/BTL_HTN_GTN_final/la_bd_project/la_bd_project.srcs/sources_1/bd/la_system/la_system.bd]
INFO: [BD 5-943] Reserving offset range <0x4000_0000 [ 4K ]> from slave interface '/smartconnect_0/S00_AXI' to master interface '/smartconnect_0/M00_AXI'. This will be used by smartconnect on path for routing.
INFO: [xilinx.com:ip:smartconnect:1.0-1] la_system_smartconnect_0_0: SmartConnect la_system_smartconnect_0_0 is in Low-Area Mode.
WARNING: [xilinx.com:ip:smartconnect:1.0-1] la_system_smartconnect_0_0: IP la_system_smartconnect_0_0 is configured in Low-area mode as all propagated traffic is low-bandwidth (AXI4LITE). SI S00_AXI has property HAS_BURST == 1. WRAP bursts are not supported in Low-area mode and will result in DECERR if received.
WARNING: [xilinx.com:ip:smartconnect:1.0-1] la_system_smartconnect_0_0: If WRAP transactions are required then turn off Low-area mode using ADVANCED_PROPERTIES. Execute following: set_property CONFIG.ADVANCED_PROPERTIES {__experimental_features__ {disable_low_area_mode 1}} [get_bd_cells /la_system_smartconnect_0_0]
INFO: [Ipptcl 7-1463] No Compatible Board Interface found. Board Tab not created in customize GUI
INFO: [xilinx.com:ip:clk_wiz:6.0-1] /clk_wiz_0 clk_wiz propagate
ERROR: [BD 41-238] Port/Pin property POLARITY does not match between /clk_wiz_0/reset(ACTIVE_HIGH) and /processing_system7_0/FCLK_RESET0_N(ACTIVE_LOW)
ERROR: [BD 41-1031] Hdl Generation failed for the IP Integrator design /home/binh/BTL_HTN_GTN_final/la_bd_project/la_bd_project.srcs/sources_1/bd/la_system/la_system.bd 
ERROR: [Common 17-39] 'generate_target' failed due to earlier errors.
startgroup
set_property -dict [list \
  CONFIG.RESET_PORT {resetn} \
  CONFIG.RESET_TYPE {ACTIVE_LOW} \
] [get_bd_cells clk_wiz_0]
WARNING: [BD 41-1684] Pin /clk_wiz_0/reset is now disabled. All connections to this pin have been removed. 
endgroup
apply_bd_automation -rule xilinx.com:bd_rule:board -config { Manual_Source {Auto}}  [get_bd_pins clk_wiz_0/resetn]
generate_target all [get_files  /home/binh/BTL_HTN_GTN_final/la_bd_project/la_bd_project.srcs/sources_1/bd/la_system/la_system.bd]
INFO: [BD 5-943] Reserving offset range <0x4000_0000 [ 4K ]> from slave interface '/smartconnect_0/S00_AXI' to master interface '/smartconnect_0/M00_AXI'. This will be used by smartconnect on path for routing.
INFO: [xilinx.com:ip:smartconnect:1.0-1] la_system_smartconnect_0_0: SmartConnect la_system_smartconnect_0_0 is in Low-Area Mode.
WARNING: [xilinx.com:ip:smartconnect:1.0-1] la_system_smartconnect_0_0: IP la_system_smartconnect_0_0 is configured in Low-area mode as all propagated traffic is low-bandwidth (AXI4LITE). SI S00_AXI has property HAS_BURST == 1. WRAP bursts are not supported in Low-area mode and will result in DECERR if received.
WARNING: [xilinx.com:ip:smartconnect:1.0-1] la_system_smartconnect_0_0: If WRAP transactions are required then turn off Low-area mode using ADVANCED_PROPERTIES. Execute following: set_property CONFIG.ADVANCED_PROPERTIES {__experimental_features__ {disable_low_area_mode 1}} [get_bd_cells /la_system_smartconnect_0_0]
INFO: [Ipptcl 7-1463] No Compatible Board Interface found. Board Tab not created in customize GUI
INFO: [xilinx.com:ip:clk_wiz:6.0-1] /clk_wiz_0 clk_wiz propagate
Wrote  : </home/binh/BTL_HTN_GTN_final/la_bd_project/la_bd_project.srcs/sources_1/bd/la_system/la_system.bd> 
Wrote  : </home/binh/BTL_HTN_GTN_final/la_bd_project/la_bd_project.srcs/sources_1/bd/la_system/ui/bd_9a381f39.ui> 
Verilog Output written to : /home/binh/BTL_HTN_GTN_final/la_bd_project/la_bd_project.gen/sources_1/bd/la_system/synth/la_system.v
Verilog Output written to : /home/binh/BTL_HTN_GTN_final/la_bd_project/la_bd_project.gen/sources_1/bd/la_system/sim/la_system.v
Verilog Output written to : /home/binh/BTL_HTN_GTN_final/la_bd_project/la_bd_project.gen/sources_1/bd/la_system/hdl/la_system_wrapper.v
WARNING: [IP_Flow 19-5160] IP 'la_system_processing_system7_0_0' detected simulation language mismatch. Simulation type 'rtl' does not support 'Verilog' outputs (see project's "simulator_language" property), delivering 'Any Language' outputs instead.
WARNING: [IP_Flow 19-5160] IP 'la_system_processing_system7_0_0' detected simulation language mismatch. Simulation type 'tlm_dpi' does not support 'Verilog' outputs (see project's "simulator_language" property), delivering 'Any Language' outputs instead.
INFO: [IP_Flow 19-5611] Unable to find an associated reset port for the interface 'M_AXI_GP0'. A default connection has been created.
INFO: [BD 41-1029] Generation completed for the IP Integrator block processing_system7_0 .
INFO: [BD 41-1029] Generation completed for the IP Integrator block rst_ps7_0_200M .
Exporting to file /home/binh/BTL_HTN_GTN_final/la_bd_project/la_bd_project.gen/sources_1/bd/la_system/ip/la_system_smartconnect_0_0/bd_0/hw_handoff/la_system_smartconnect_0_0.hwh
Generated Hardware Definition File /home/binh/BTL_HTN_GTN_final/la_bd_project/la_bd_project.gen/sources_1/bd/la_system/ip/la_system_smartconnect_0_0/bd_0/synth/la_system_smartconnect_0_0.hwdef
INFO: [BD 41-1029] Generation completed for the IP Integrator block smartconnect_0 .
INFO: [BD 41-1029] Generation completed for the IP Integrator block clk_wiz_0 .
Exporting to file /home/binh/BTL_HTN_GTN_final/la_bd_project/la_bd_project.gen/sources_1/bd/la_system/hw_handoff/la_system.hwh
Generated Hardware Definition File /home/binh/BTL_HTN_GTN_final/la_bd_project/la_bd_project.gen/sources_1/bd/la_system/synth/la_system.hwdef
generate_target: Time (s): cpu = 00:00:12 ; elapsed = 00:00:11 . Memory (MB): peak = 8476.547 ; gain = 0.000 ; free physical = 814 ; free virtual = 7771
catch { config_ip_cache -export [get_ips -all la_system_rst_ps7_0_200M_0] }
INFO: [IP_Flow 19-6924] IPCACHE: Running cache check for IP inst: la_system_rst_ps7_0_200M_0
catch { config_ip_cache -export [get_ips -all la_system_smartconnect_0_0] }
INFO: [IP_Flow 19-6924] IPCACHE: Running cache check for IP inst: la_system_smartconnect_0_0
catch { config_ip_cache -export [get_ips -all la_system_clk_wiz_0_1] }
INFO: [IP_Flow 19-6924] IPCACHE: Running cache check for IP inst: la_system_clk_wiz_0_1
export_ip_user_files -of_objects [get_files /home/binh/BTL_HTN_GTN_final/la_bd_project/la_bd_project.srcs/sources_1/bd/la_system/la_system.bd] -no_script -sync -force -quiet
create_ip_run [get_files -of_objects [get_fileset sources_1] /home/binh/BTL_HTN_GTN_final/la_bd_project/la_bd_project.srcs/sources_1/bd/la_system/la_system.bd]
launch_runs la_system_clk_wiz_0_1_synth_1 la_system_processing_system7_0_0_synth_1 la_system_rst_ps7_0_200M_0_synth_1 la_system_smartconnect_0_0_synth_1 -jobs 4
INFO: [IP_Flow 19-6924] IPCACHE: Running cache check for IP inst: la_system_clk_wiz_0_1
INFO: [IP_Flow 19-6924] IPCACHE: Running cache check for IP inst: la_system_rst_ps7_0_200M_0
INFO: [IP_Flow 19-6924] IPCACHE: Running cache check for IP inst: la_system_smartconnect_0_0
[Sat Jul 18 22:46:49 2026] Launched la_system_clk_wiz_0_1_synth_1, la_system_processing_system7_0_0_synth_1, la_system_rst_ps7_0_200M_0_synth_1, la_system_smartconnect_0_0_synth_1...
Run output will be captured here:
la_system_clk_wiz_0_1_synth_1: /home/binh/BTL_HTN_GTN_final/la_bd_project/la_bd_project.runs/la_system_clk_wiz_0_1_synth_1/runme.log
la_system_processing_system7_0_0_synth_1: /home/binh/BTL_HTN_GTN_final/la_bd_project/la_bd_project.runs/la_system_processing_system7_0_0_synth_1/runme.log
la_system_rst_ps7_0_200M_0_synth_1: /home/binh/BTL_HTN_GTN_final/la_bd_project/la_bd_project.runs/la_system_rst_ps7_0_200M_0_synth_1/runme.log
la_system_smartconnect_0_0_synth_1: /home/binh/BTL_HTN_GTN_final/la_bd_project/la_bd_project.runs/la_system_smartconnect_0_0_synth_1/runme.log
export_simulation -lib_map_path [list {modelsim=/home/binh/BTL_HTN_GTN_final/la_bd_project/la_bd_project.cache/compile_simlib/modelsim} {questa=/home/binh/BTL_HTN_GTN_final/la_bd_project/la_bd_project.cache/compile_simlib/questa} {xcelium=/home/binh/BTL_HTN_GTN_final/la_bd_project/la_bd_project.cache/compile_simlib/xcelium} {vcs=/home/binh/BTL_HTN_GTN_final/la_bd_project/la_bd_project.cache/compile_simlib/vcs} {riviera=/home/binh/BTL_HTN_GTN_final/la_bd_project/la_bd_project.cache/compile_simlib/riviera}] -of_objects [get_files /home/binh/BTL_HTN_GTN_final/la_bd_project/la_bd_project.srcs/sources_1/bd/la_system/la_system.bd] -directory /home/binh/BTL_HTN_GTN_final/la_bd_project/la_bd_project.ip_user_files/sim_scripts -ip_user_files_dir /home/binh/BTL_HTN_GTN_final/la_bd_project/la_bd_project.ip_user_files -ipstatic_source_dir /home/binh/BTL_HTN_GTN_final/la_bd_project/la_bd_project.ip_user_files/ipstatic -use_ip_compiled_libs -force -quiet
reset_run synth_1
INFO: [Project 1-1161] Replacing file /home/binh/BTL_HTN_GTN_final/la_bd_project/la_bd_project.srcs/utils_1/imports/synth_1/la_system_wrapper.dcp with file /home/binh/BTL_HTN_GTN_final/la_bd_project/la_bd_project.runs/synth_1/la_system_wrapper.dcp
launch_runs synth_1 -jobs 4
[Sat Jul 18 22:48:46 2026] Launched synth_1...
Run output will be captured here: /home/binh/BTL_HTN_GTN_final/la_bd_project/la_bd_project.runs/synth_1/runme.log
launch_runs impl_1 -jobs 4
[Sat Jul 18 22:49:19 2026] Launched impl_1...
Run output will be captured here: /home/binh/BTL_HTN_GTN_final/la_bd_project/la_bd_project.runs/impl_1/runme.log
launch_runs impl_1 -to_step write_bitstream -jobs 4
[Sat Jul 18 22:50:10 2026] Launched impl_1...
Run output will be captured here: /home/binh/BTL_HTN_GTN_final/la_bd_project/la_bd_project.runs/impl_1/runme.log
exit
INFO: [Common 17-206] Exiting Vivado at Sat Jul 18 22:55:26 2026...
