#-----------------------------------------------------------
# Vivado v2024.2 (64-bit)
# SW Build 5239630 on Fri Nov 08 22:34:34 MST 2024
# IP Build 5239520 on Sun Nov 10 16:12:51 MST 2024
# SharedData Build 5239561 on Fri Nov 08 14:39:27 MST 2024
# Start of session at: Fri Jul 17 00:30:16 2026
# Process ID         : 42725
# Current directory  : /home/binh/BTL_HTN_GTN_final/la_bd_project
# Command line       : vivado -mode batch -source /home/binh/BTL_HTN_GTN_final/la_bd_project/build_bitstream.tcl
# Log file           : /home/binh/BTL_HTN_GTN_final/la_bd_project/vivado.log
# Journal file       : /home/binh/BTL_HTN_GTN_final/la_bd_project/vivado.jou
# Running On         : binh
# Platform           : Ubuntu
# Operating System   : Ubuntu 22.04.5 LTS
# Processor Detail   : 12th Gen Intel(R) Core(TM) i5-12500H
# CPU Frequency      : 1373.607 MHz
# CPU Physical cores : 12
# CPU Logical cores  : 16
# Host memory        : 16479 MB
# Swap memory        : 2147 MB
# Total Virtual      : 18627 MB
# Available Virtual  : 10548 MB
#-----------------------------------------------------------
source /home/binh/BTL_HTN_GTN_final/la_bd_project/build_bitstream.tcl
couldn't read file "/home/binh/BTL_HTN_GTN_final/la_bd_project/build_bitstream.tcl": no such file or directory
INFO: [Common 17-206] Exiting Vivado at Fri Jul 17 00:30:18 2026...
